{"/Users/serg/Documents/DevOps/Devops-p3-starter/backend/src/modules/common/common.module.ts": {"path":"/Users/serg/Documents/DevOps/Devops-p3-starter/backend/src/modules/common/common.module.ts","statementMap":{"0":{"start":{"line":1,"column":0},"end":{"line":1,"column":54}},"1":{"start":{"line":2,"column":0},"end":{"line":2,"column":51}},"2":{"start":{"line":3,"column":0},"end":{"line":3,"column":47}},"3":{"start":{"line":4,"column":0},"end":{"line":4,"column":42}},"4":{"start":{"line":5,"column":0},"end":{"line":5,"column":78}},"5":{"start":{"line":12,"column":0},"end":{"line":16,"column":null}},"6":{"start":{"line":12,"column":13},"end":{"line":16,"column":null}},"7":{"start":{"line":12,"column":13},"end":{"line":12,"column":25}}},"fnMap":{"0":{"name":"(anonymous_2)","decl":{"start":{"line":13,"column":2},"end":{"line":13,"column":17}},"loc":{"start":{"line":13,"column":2},"end":{"line":13,"column":18}}},"1":{"name":"(anonymous_3)","decl":{"start":{"line":15,"column":2},"end":{"line":15,"column":14}},"loc":{"start":{"line":15,"column":14},"end":{"line":15,"column":19}}}},"branchMap":{},"s":{"0":0,"1":0,"2":0,"3":0,"4":0,"5":0,"6":0,"7":0},"f":{"0":0,"1":0},"b":{}}
,"/Users/serg/Documents/DevOps/Devops-p3-starter/backend/src/modules/common/index.ts": {"path":"/Users/serg/Documents/DevOps/Devops-p3-starter/backend/src/modules/common/index.ts","statementMap":{"0":{"start":{"line":1,"column":0},"end":{"line":1,"column":27}},"1":{"start":{"line":2,"column":0},"end":{"line":2,"column":27}},"2":{"start":{"line":3,"column":0},"end":{"line":3,"column":32}},"3":{"start":{"line":4,"column":0},"end":{"line":4,"column":25}}},"fnMap":{},"branchMap":{},"s":{"0":0,"1":0,"2":0,"3":0},"f":{},"b":{}}
,"/Users/serg/Documents/DevOps/Devops-p3-starter/backend/src/modules/common/commands/baseCommandHandler.ts": {"path":"/Users/serg/Documents/DevOps/Devops-p3-starter/backend/src/modules/common/commands/baseCommandHandler.ts","statementMap":{"0":{"start":{"line":7,"column":4},"end":{"line":7,"column":32}},"1":{"start":{"line":4,"column":0},"end":{"line":4,"column":22}}},"fnMap":{"0":{"name":"(anonymous_0)","decl":{"start":{"line":6,"column":2},"end":{"line":6,"column":9}},"loc":{"start":{"line":6,"column":27},"end":{"line":8,"column":3}}}},"branchMap":{},"s":{"0":0,"1":18},"f":{"0":0},"b":{}}
,"/Users/serg/Documents/DevOps/Devops-p3-starter/backend/src/modules/common/commands/constants.ts": {"path":"/Users/serg/Documents/DevOps/Devops-p3-starter/backend/src/modules/common/commands/constants.ts","statementMap":{"0":{"start":{"line":1,"column":13},"end":{"line":1,"column":65}}},"fnMap":{},"branchMap":{},"s":{"0":31},"f":{},"b":{}}
,"/Users/serg/Documents/DevOps/Devops-p3-starter/backend/src/modules/common/commands/index.ts": {"path":"/Users/serg/Documents/DevOps/Devops-p3-starter/backend/src/modules/common/commands/index.ts","statementMap":{"0":{"start":{"line":1,"column":0},"end":{"line":1,"column":40}},"1":{"start":{"line":6,"column":0},"end":{"line":6,"column":29}},"2":{"start":{"line":7,"column":0},"end":{"line":7,"column":37}},"3":{"start":{"line":8,"column":0},"end":{"line":8,"column":null}},"4":{"start":{"line":9,"column":2},"end":{"line":9,"column":null}}},"fnMap":{},"branchMap":{},"s":{"0":18,"1":18,"2":18,"3":18,"4":18},"f":{},"b":{}}
,"/Users/serg/Documents/DevOps/Devops-p3-starter/backend/src/modules/common/commands/syncCommandDispatcher.ts": {"path":"/Users/serg/Documents/DevOps/Devops-p3-starter/backend/src/modules/common/commands/syncCommandDispatcher.ts","statementMap":{"0":{"start":{"line":1,"column":0},"end":{"line":1,"column":71}},"1":{"start":{"line":4,"column":0},"end":{"line":4,"column":42}},"2":{"start":{"line":5,"column":0},"end":{"line":5,"column":57}},"3":{"start":{"line":11,"column":0},"end":{"line":11,"column":97}},"4":{"start":{"line":17,"column":0},"end":{"line":76,"column":null}},"5":{"start":{"line":24,"column":22},"end":{"line":24,"column":34}},"6":{"start":{"line":18,"column":2},"end":{"line":21,"column":6}},"7":{"start":{"line":22,"column":2},"end":{"line":22,"column":19}},"8":{"start":{"line":27,"column":4},"end":{"line":27,"column":78}},"9":{"start":{"line":27,"column":43},"end":{"line":27,"column":76}},"10":{"start":{"line":31,"column":4},"end":{"line":31,"column":31}},"11":{"start":{"line":35,"column":22},"end":{"line":35,"column":71}},"12":{"start":{"line":36,"column":4},"end":{"line":38,"column":null}},"13":{"start":{"line":37,"column":6},"end":{"line":37,"column":51}},"14":{"start":{"line":39,"column":19},"end":{"line":39,"column":52}},"15":{"start":{"line":40,"column":4},"end":{"line":42,"column":null}},"16":{"start":{"line":41,"column":6},"end":{"line":41,"column":51}},"17":{"start":{"line":43,"column":4},"end":{"line":43,"column":50}},"18":{"start":{"line":47,"column":4},"end":{"line":49,"column":null}},"19":{"start":{"line":48,"column":6},"end":{"line":48,"column":44}},"20":{"start":{"line":50,"column":21},"end":{"line":50,"column":50}},"21":{"start":{"line":51,"column":4},"end":{"line":51,"column":26}},"22":{"start":{"line":51,"column":19},"end":{"line":51,"column":26}},"23":{"start":{"line":53,"column":19},"end":{"line":53,"column":53}},"24":{"start":{"line":54,"column":4},"end":{"line":56,"column":null}},"25":{"start":{"line":55,"column":6},"end":{"line":55,"column":79}},"26":{"start":{"line":63,"column":4},"end":{"line":63,"column":41}},"27":{"start":{"line":67,"column":28},"end":{"line":67,"column":58}},"28":{"start":{"line":68,"column":4},"end":{"line":68,"column":38}},"29":{"start":{"line":74,"column":4},"end":{"line":74,"column":70}},"30":{"start":{"line":17,"column":13},"end":{"line":76,"column":null}},"31":{"start":{"line":17,"column":13},"end":{"line":17,"column":34}}},"fnMap":{"0":{"name":"(anonymous_9)","decl":{"start":{"line":24,"column":2},"end":{"line":24,"column":22}},"loc":{"start":{"line":24,"column":44},"end":{"line":24,"column":48}}},"1":{"name":"(anonymous_10)","decl":{"start":{"line":26,"column":2},"end":{"line":26,"column":20}},"loc":{"start":{"line":26,"column":66},"end":{"line":28,"column":3}}},"2":{"name":"(anonymous_11)","decl":{"start":{"line":27,"column":30},"end":{"line":27,"column":39}},"loc":{"start":{"line":27,"column":43},"end":{"line":27,"column":76}}},"3":{"name":"(anonymous_12)","decl":{"start":{"line":30,"column":2},"end":{"line":30,"column":14}},"loc":{"start":{"line":30,"column":24},"end":{"line":32,"column":3}}},"4":{"name":"(anonymous_13)","decl":{"start":{"line":34,"column":8},"end":{"line":34,"column":15}},"loc":{"start":{"line":34,"column":46},"end":{"line":44,"column":null}}},"5":{"name":"(anonymous_15)","decl":{"start":{"line":46,"column":12},"end":{"line":46,"column":29}},"loc":{"start":{"line":46,"column":65},"end":{"line":57,"column":3}}},"6":{"name":"(anonymous_16)","decl":{"start":{"line":59,"column":2},"end":{"line":59,"column":15}},"loc":{"start":{"line":61,"column":16},"end":{"line":64,"column":3}}},"7":{"name":"(anonymous_17)","decl":{"start":{"line":66,"column":10},"end":{"line":66,"column":24}},"loc":{"start":{"line":66,"column":32},"end":{"line":69,"column":3}}},"8":{"name":"(anonymous_18)","decl":{"start":{"line":71,"column":10},"end":{"line":71,"column":28}},"loc":{"start":{"line":72,"column":39},"end":{"line":75,"column":3}}}},"branchMap":{"0":{"loc":{"start":{"line":36,"column":4},"end":{"line":38,"column":null}},"type":"if","locations":[{"start":{"line":36,"column":4},"end":{"line":38,"column":null}},{"start":{"line":36,"column":4},"end":{"line":38,"column":null}}]},"1":{"loc":{"start":{"line":40,"column":4},"end":{"line":42,"column":null}},"type":"if","locations":[{"start":{"line":40,"column":4},"end":{"line":42,"column":null}},{"start":{"line":40,"column":4},"end":{"line":42,"column":null}}]},"2":{"loc":{"start":{"line":47,"column":4},"end":{"line":49,"column":null}},"type":"if","locations":[{"start":{"line":47,"column":4},"end":{"line":49,"column":null}},{"start":{"line":47,"column":4},"end":{"line":49,"column":null}}]},"3":{"loc":{"start":{"line":51,"column":4},"end":{"line":51,"column":26}},"type":"if","locations":[{"start":{"line":51,"column":4},"end":{"line":51,"column":26}},{"start":{"line":51,"column":4},"end":{"line":51,"column":26}}]},"4":{"loc":{"start":{"line":54,"column":4},"end":{"line":56,"column":null}},"type":"if","locations":[{"start":{"line":54,"column":4},"end":{"line":56,"column":null}},{"start":{"line":54,"column":4},"end":{"line":56,"column":null}}]}},"s":{"0":18,"1":18,"2":18,"3":18,"4":18,"5":0,"6":0,"7":0,"8":0,"9":0,"10":0,"11":0,"12":0,"13":0,"14":0,"15":0,"16":0,"17":0,"18":0,"19":0,"20":0,"21":0,"22":0,"23":0,"24":0,"25":0,"26":0,"27":0,"28":0,"29":0,"30":18,"31":18},"f":{"0":0,"1":0,"2":0,"3":0,"4":0,"5":0,"6":0,"7":0,"8":0},"b":{"0":[0,0],"1":[0,0],"2":[0,0],"3":[0,0],"4":[0,0]}}
,"/Users/serg/Documents/DevOps/Devops-p3-starter/backend/src/modules/common/commands/validation/CompositeValidator.ts": {"path":"/Users/serg/Documents/DevOps/Devops-p3-starter/backend/src/modules/common/commands/validation/CompositeValidator.ts","statementMap":{"0":{"start":{"line":6,"column":22},"end":{"line":6,"column":63}},"1":{"start":{"line":9,"column":41},"end":{"line":9,"column":43}},"2":{"start":{"line":10,"column":4},"end":{"line":15,"column":null}},"3":{"start":{"line":11,"column":21},"end":{"line":11,"column":54}},"4":{"start":{"line":12,"column":6},"end":{"line":14,"column":null}},"5":{"start":{"line":13,"column":8},"end":{"line":13,"column":29}},"6":{"start":{"line":17,"column":4},"end":{"line":23,"column":null}},"7":{"start":{"line":18,"column":21},"end":{"line":18,"column":55}},"8":{"start":{"line":18,"column":42},"end":{"line":18,"column":54}},"9":{"start":{"line":19,"column":6},"end":{"line":22,"column":8}},"10":{"start":{"line":24,"column":4},"end":{"line":27,"column":6}},"11":{"start":{"line":4,"column":0},"end":{"line":4,"column":13}}},"fnMap":{"0":{"name":"(anonymous_7)","decl":{"start":{"line":6,"column":2},"end":{"line":6,"column":22}},"loc":{"start":{"line":6,"column":63},"end":{"line":6,"column":67}}},"1":{"name":"(anonymous_8)","decl":{"start":{"line":8,"column":8},"end":{"line":8,"column":16}},"loc":{"start":{"line":8,"column":34},"end":{"line":28,"column":null}}},"2":{"name":"(anonymous_10)","decl":{"start":{"line":18,"column":33},"end":{"line":18,"column":38}},"loc":{"start":{"line":18,"column":42},"end":{"line":18,"column":54}}}},"branchMap":{"0":{"loc":{"start":{"line":12,"column":6},"end":{"line":14,"column":null}},"type":"if","locations":[{"start":{"line":12,"column":6},"end":{"line":14,"column":null}},{"start":{"line":12,"column":6},"end":{"line":14,"column":null}}]},"1":{"loc":{"start":{"line":17,"column":4},"end":{"line":23,"column":null}},"type":"if","locations":[{"start":{"line":17,"column":4},"end":{"line":23,"column":null}},{"start":{"line":17,"column":4},"end":{"line":23,"column":null}}]}},"s":{"0":2,"1":2,"2":2,"3":4,"4":4,"5":2,"6":2,"7":1,"8":2,"9":1,"10":1,"11":1},"f":{"0":2,"1":2,"2":2},"b":{"0":[2,2],"1":[1,1]}}
,"/Users/serg/Documents/DevOps/Devops-p3-starter/backend/src/modules/common/commands/validation/commandValidator.decorator.ts": {"path":"/Users/serg/Documents/DevOps/Devops-p3-starter/backend/src/modules/common/commands/validation/commandValidator.decorator.ts","statementMap":{"0":{"start":{"line":1,"column":0},"end":{"line":1,"column":26}},"1":{"start":{"line":3,"column":0},"end":{"line":3,"column":58}},"2":{"start":{"line":6,"column":13},"end":{"line":10,"column":2}},"3":{"start":{"line":7,"column":2},"end":{"line":9,"column":4}},"4":{"start":{"line":8,"column":4},"end":{"line":8,"column":72}}},"fnMap":{"0":{"name":"(anonymous_0)","decl":{"start":{"line":6,"column":32},"end":{"line":6,"column":33}},"loc":{"start":{"line":6,"column":70},"end":{"line":10,"column":1}}},"1":{"name":"(anonymous_1)","decl":{"start":{"line":7,"column":9},"end":{"line":7,"column":10}},"loc":{"start":{"line":7,"column":28},"end":{"line":9,"column":3}}}},"branchMap":{},"s":{"0":31,"1":31,"2":31,"3":0,"4":0},"f":{"0":0,"1":0},"b":{}}
,"/Users/serg/Documents/DevOps/Devops-p3-starter/backend/src/modules/common/commands/validation/index.ts": {"path":"/Users/serg/Documents/DevOps/Devops-p3-starter/backend/src/modules/common/commands/validation/index.ts","statementMap":{"0":{"start":{"line":1,"column":0},"end":{"line":1,"column":45}},"1":{"start":{"line":5,"column":0},"end":{"line":5,"column":31}}},"fnMap":{},"branchMap":{},"s":{"0":31,"1":31},"f":{},"b":{}}
,"/Users/serg/Documents/DevOps/Devops-p3-starter/backend/src/modules/common/commands/validation/invalidCommandValidatorException.ts": {"path":"/Users/serg/Documents/DevOps/Devops-p3-starter/backend/src/modules/common/commands/validation/invalidCommandValidatorException.ts","statementMap":{"0":{"start":{"line":3,"column":4},"end":{"line":5,"column":6}},"1":{"start":{"line":1,"column":0},"end":{"line":1,"column":13}}},"fnMap":{"0":{"name":"(anonymous_0)","decl":{"start":{"line":2,"column":2},"end":{"line":2,"column":null}},"loc":{"start":{"line":2,"column":2},"end":{"line":6,"column":3}}}},"branchMap":{},"s":{"0":0,"1":18},"f":{"0":0},"b":{}}
,"/Users/serg/Documents/DevOps/Devops-p3-starter/backend/src/modules/common/commands/validation/joiValidator.ts": {"path":"/Users/serg/Documents/DevOps/Devops-p3-starter/backend/src/modules/common/commands/validation/joiValidator.ts","statementMap":{"0":{"start":{"line":8,"column":19},"end":{"line":8,"column":42}},"1":{"start":{"line":9,"column":22},"end":{"line":9,"column":46}},"2":{"start":{"line":10,"column":4},"end":{"line":20,"column":null}},"3":{"start":{"line":11,"column":6},"end":{"line":19,"column":8}},"4":{"start":{"line":13,"column":50},"end":{"line":18,"column":10}},"5":{"start":{"line":22,"column":4},"end":{"line":25,"column":6}},"6":{"start":{"line":5,"column":0},"end":{"line":5,"column":22}}},"fnMap":{"0":{"name":"(anonymous_7)","decl":{"start":{"line":7,"column":8},"end":{"line":7,"column":16}},"loc":{"start":{"line":7,"column":34},"end":{"line":26,"column":null}}},"1":{"name":"(anonymous_9)","decl":{"start":{"line":13,"column":44},"end":{"line":13,"column":45}},"loc":{"start":{"line":13,"column":50},"end":{"line":18,"column":10}}}},"branchMap":{"0":{"loc":{"start":{"line":10,"column":4},"end":{"line":20,"column":null}},"type":"if","locations":[{"start":{"line":10,"column":4},"end":{"line":20,"column":null}},{"start":{"line":10,"column":4},"end":{"line":20,"column":null}}]}},"s":{"0":14,"1":14,"2":14,"3":1,"4":1,"5":13,"6":31},"f":{"0":14,"1":1},"b":{"0":[1,13]}}
,"/Users/serg/Documents/DevOps/Devops-p3-starter/backend/src/modules/common/commands/validation/validationExplorer.ts": {"path":"/Users/serg/Documents/DevOps/Devops-p3-starter/backend/src/modules/common/commands/validation/validationExplorer.ts","statementMap":{"0":{"start":{"line":1,"column":0},"end":{"line":1,"column":50}},"1":{"start":{"line":4,"column":0},"end":{"line":4,"column":75}},"2":{"start":{"line":5,"column":0},"end":{"line":5,"column":58}},"3":{"start":{"line":10,"column":0},"end":{"line":50,"column":null}},"4":{"start":{"line":11,"column":31},"end":{"line":11,"column":49}},"5":{"start":{"line":14,"column":20},"end":{"line":14,"column":55}},"6":{"start":{"line":15,"column":23},"end":{"line":16,"column":null}},"7":{"start":{"line":16,"column":6},"end":{"line":16,"column":63}},"8":{"start":{"line":19,"column":4},"end":{"line":19,"column":26}},"9":{"start":{"line":26,"column":18},"end":{"line":28,"column":40}},"10":{"start":{"line":27,"column":21},"end":{"line":27,"column":65}},"11":{"start":{"line":28,"column":24},"end":{"line":28,"column":35}},"12":{"start":{"line":29,"column":4},"end":{"line":29,"column":59}},"13":{"start":{"line":29,"column":35},"end":{"line":29,"column":44}},"14":{"start":{"line":36,"column":25},"end":{"line":36,"column":32}},"15":{"start":{"line":37,"column":4},"end":{"line":39,"column":null}},"16":{"start":{"line":38,"column":6},"end":{"line":38,"column":23}},"17":{"start":{"line":40,"column":4},"end":{"line":40,"column":55}},"18":{"start":{"line":44,"column":4},"end":{"line":46,"column":null}},"19":{"start":{"line":45,"column":6},"end":{"line":45,"column":13}},"20":{"start":{"line":47,"column":21},"end":{"line":47,"column":75}},"21":{"start":{"line":48,"column":4},"end":{"line":48,"column":70}},"22":{"start":{"line":10,"column":13},"end":{"line":50,"column":null}},"23":{"start":{"line":10,"column":13},"end":{"line":10,"column":31}}},"fnMap":{"0":{"name":"(anonymous_2)","decl":{"start":{"line":11,"column":2},"end":{"line":11,"column":31}},"loc":{"start":{"line":11,"column":65},"end":{"line":11,"column":69}}},"1":{"name":"(anonymous_3)","decl":{"start":{"line":13,"column":2},"end":{"line":13,"column":9}},"loc":{"start":{"line":13,"column":9},"end":{"line":20,"column":3}}},"2":{"name":"(anonymous_4)","decl":{"start":{"line":15,"column":64},"end":{"line":15,"column":72}},"loc":{"start":{"line":16,"column":6},"end":{"line":16,"column":63}}},"3":{"name":"(anonymous_5)","decl":{"start":{"line":22,"column":2},"end":{"line":22,"column":9}},"loc":{"start":{"line":24,"column":66},"end":{"line":30,"column":3}}},"4":{"name":"(anonymous_6)","decl":{"start":{"line":27,"column":11},"end":{"line":27,"column":17}},"loc":{"start":{"line":27,"column":21},"end":{"line":27,"column":65}}},"5":{"name":"(anonymous_7)","decl":{"start":{"line":28,"column":14},"end":{"line":28,"column":15}},"loc":{"start":{"line":28,"column":24},"end":{"line":28,"column":35}}},"6":{"name":"(anonymous_8)","decl":{"start":{"line":29,"column":24},"end":{"line":29,"column":31}},"loc":{"start":{"line":29,"column":35},"end":{"line":29,"column":44}}},"7":{"name":"(anonymous_9)","decl":{"start":{"line":32,"column":2},"end":{"line":32,"column":16}},"loc":{"start":{"line":34,"column":23},"end":{"line":41,"column":3}}},"8":{"name":"(anonymous_10)","decl":{"start":{"line":43,"column":2},"end":{"line":43,"column":17}},"loc":{"start":{"line":43,"column":55},"end":{"line":49,"column":3}}}},"branchMap":{"0":{"loc":{"start":{"line":37,"column":4},"end":{"line":39,"column":null}},"type":"if","locations":[{"start":{"line":37,"column":4},"end":{"line":39,"column":null}},{"start":{"line":37,"column":4},"end":{"line":39,"column":null}}]},"1":{"loc":{"start":{"line":44,"column":4},"end":{"line":46,"column":null}},"type":"if","locations":[{"start":{"line":44,"column":4},"end":{"line":46,"column":null}},{"start":{"line":44,"column":4},"end":{"line":46,"column":null}}]},"2":{"loc":{"start":{"line":48,"column":23},"end":{"line":48,"column":57}},"type":"cond-expr","locations":[{"start":{"line":48,"column":23},"end":{"line":48,"column":57}},{"start":{"line":48,"column":60},"end":{"line":48,"column":69}}]}},"s":{"0":0,"1":0,"2":0,"3":0,"4":0,"5":0,"6":0,"7":0,"8":0,"9":0,"10":0,"11":0,"12":0,"13":0,"14":0,"15":0,"16":0,"17":0,"18":0,"19":0,"20":0,"21":0,"22":0,"23":0},"f":{"0":0,"1":0,"2":0,"3":0,"4":0,"5":0,"6":0,"7":0,"8":0},"b":{"0":[0,0],"1":[0,0],"2":[0,0]}}
,"/Users/serg/Documents/DevOps/Devops-p3-starter/backend/src/modules/common/entities/aggregateRoot.ts": {"path":"/Users/serg/Documents/DevOps/Devops-p3-starter/backend/src/modules/common/entities/aggregateRoot.ts","statementMap":{"0":{"start":{"line":2,"column":0},"end":{"line":2,"column":44}},"1":{"start":{"line":16,"column":10},"end":{"line":16,"column":43}},"2":{"start":{"line":19,"column":4},"end":{"line":19,"column":34}},"3":{"start":{"line":21,"column":4},"end":{"line":21,"column":26}},"4":{"start":{"line":25,"column":20},"end":{"line":25,"column":47}},"5":{"start":{"line":26,"column":4},"end":{"line":26,"column":41}},"6":{"start":{"line":30,"column":4},"end":{"line":30,"column":29}},"7":{"start":{"line":36,"column":20},"end":{"line":36,"column":51}},"8":{"start":{"line":37,"column":4},"end":{"line":37,"column":25}},"9":{"start":{"line":41,"column":28},"end":{"line":41,"column":56}},"10":{"start":{"line":42,"column":4},"end":{"line":42,"column":38}},"11":{"start":{"line":46,"column":4},"end":{"line":46,"column":52}},"12":{"start":{"line":46,"column":29},"end":{"line":46,"column":50}},"13":{"start":{"line":50,"column":4},"end":{"line":50,"column":39}},"14":{"start":{"line":16,"column":2},"end":{"line":16,"column":null}},"15":{"start":{"line":14,"column":0},"end":{"line":14,"column":22}}},"fnMap":{"0":{"name":"(anonymous_2)","decl":{"start":{"line":14,"column":0},"end":{"line":14,"column":22}},"loc":{"start":{"line":14,"column":0},"end":{"line":52,"column":1}}},"1":{"name":"(anonymous_3)","decl":{"start":{"line":18,"column":2},"end":{"line":18,"column":7}},"loc":{"start":{"line":18,"column":26},"end":{"line":22,"column":3}}},"2":{"name":"(anonymous_4)","decl":{"start":{"line":24,"column":10},"end":{"line":24,"column":19}},"loc":{"start":{"line":24,"column":38},"end":{"line":27,"column":3}}},"3":{"name":"(anonymous_5)","decl":{"start":{"line":29,"column":2},"end":{"line":29,"column":8}},"loc":{"start":{"line":29,"column":8},"end":{"line":31,"column":3}}},"4":{"name":"(anonymous_6)","decl":{"start":{"line":35,"column":10},"end":{"line":35,"column":25}},"loc":{"start":{"line":35,"column":44},"end":{"line":38,"column":3}}},"5":{"name":"(anonymous_7)","decl":{"start":{"line":40,"column":10},"end":{"line":40,"column":22}},"loc":{"start":{"line":40,"column":28},"end":{"line":43,"column":3}}},"6":{"name":"(anonymous_8)","decl":{"start":{"line":45,"column":2},"end":{"line":45,"column":17}},"loc":{"start":{"line":45,"column":40},"end":{"line":47,"column":3}}},"7":{"name":"(anonymous_9)","decl":{"start":{"line":46,"column":20},"end":{"line":46,"column":25}},"loc":{"start":{"line":46,"column":29},"end":{"line":46,"column":50}}},"8":{"name":"(anonymous_10)","decl":{"start":{"line":49,"column":2},"end":{"line":49,"column":9}},"loc":{"start":{"line":49,"column":9},"end":{"line":51,"column":3}}}},"branchMap":{"0":{"loc":{"start":{"line":26,"column":4},"end":{"line":26,"column":11}},"type":"binary-expr","locations":[{"start":{"line":26,"column":4},"end":{"line":26,"column":11}},{"start":{"line":26,"column":15},"end":{"line":26,"column":40}}]}},"s":{"0":35,"1":17,"2":5,"3":5,"4":6,"5":6,"6":4,"7":6,"8":6,"9":6,"10":6,"11":1,"12":1,"13":3,"14":35,"15":35},"f":{"0":17,"1":5,"2":6,"3":4,"4":6,"5":6,"6":1,"7":1,"8":3},"b":{"0":[6,3]}}
,"/Users/serg/Documents/DevOps/Devops-p3-starter/backend/src/modules/common/entities/baseRepository.ts": {"path":"/Users/serg/Documents/DevOps/Devops-p3-starter/backend/src/modules/common/entities/baseRepository.ts","statementMap":{"0":{"start":{"line":1,"column":0},"end":{"line":1,"column":null}},"1":{"start":{"line":8,"column":0},"end":{"line":8,"column":48}},"2":{"start":{"line":9,"column":0},"end":{"line":9,"column":54}},"3":{"start":{"line":13,"column":60},"end":{"line":13,"column":66}},"4":{"start":{"line":15,"column":4},"end":{"line":15,"column":35}},"5":{"start":{"line":16,"column":4},"end":{"line":16,"column":21}},"6":{"start":{"line":17,"column":4},"end":{"line":17,"column":29}},"7":{"start":{"line":18,"column":4},"end":{"line":18,"column":27}},"8":{"start":{"line":19,"column":4},"end":{"line":19,"column":23}},"9":{"start":{"line":11,"column":0},"end":{"line":11,"column":13}},"10":{"start":{"line":29,"column":0},"end":{"line":130,"column":null}},"11":{"start":{"line":35,"column":14},"end":{"line":35,"column":26}},"12":{"start":{"line":36,"column":12},"end":{"line":36,"column":29}},"13":{"start":{"line":30,"column":2},"end":{"line":30,"column":38}},"14":{"start":{"line":31,"column":10},"end":{"line":31,"column":35}},"15":{"start":{"line":40,"column":25},"end":{"line":40,"column":38}},"16":{"start":{"line":41,"column":32},"end":{"line":41,"column":72}},"17":{"start":{"line":43,"column":19},"end":{"line":43,"column":35}},"18":{"start":{"line":45,"column":4},"end":{"line":45,"column":77}},"19":{"start":{"line":45,"column":33},"end":{"line":45,"column":76}},"20":{"start":{"line":45,"column":34},"end":{"line":45,"column":76}},"21":{"start":{"line":47,"column":4},"end":{"line":47,"column":31}},"22":{"start":{"line":51,"column":27},"end":{"line":51,"column":40}},"23":{"start":{"line":52,"column":4},"end":{"line":52,"column":49}},"24":{"start":{"line":56,"column":4},"end":{"line":56,"column":45}},"25":{"start":{"line":60,"column":4},"end":{"line":62,"column":6}},"26":{"start":{"line":61,"column":13},"end":{"line":61,"column":58}},"27":{"start":{"line":63,"column":4},"end":{"line":63,"column":28}},"28":{"start":{"line":64,"column":4},"end":{"line":64,"column":16}},"29":{"start":{"line":68,"column":4},"end":{"line":68,"column":69}},"30":{"start":{"line":68,"column":19},"end":{"line":68,"column":69}},"31":{"start":{"line":69,"column":4},"end":{"line":69,"column":16}},"32":{"start":{"line":73,"column":25},"end":{"line":73,"column":40}},"33":{"start":{"line":74,"column":25},"end":{"line":74,"column":50}},"34":{"start":{"line":76,"column":4},"end":{"line":76,"column":43}},"35":{"start":{"line":80,"column":18},"end":{"line":80,"column":36}},"36":{"start":{"line":81,"column":22},"end":{"line":81,"column":44}},"37":{"start":{"line":82,"column":4},"end":{"line":85,"column":6}},"38":{"start":{"line":89,"column":25},"end":{"line":89,"column":40}},"39":{"start":{"line":90,"column":25},"end":{"line":90,"column":50}},"40":{"start":{"line":91,"column":4},"end":{"line":91,"column":46}},"41":{"start":{"line":98,"column":25},"end":{"line":98,"column":40}},"42":{"start":{"line":99,"column":25},"end":{"line":99,"column":50}},"43":{"start":{"line":100,"column":18},"end":{"line":100,"column":56}},"44":{"start":{"line":102,"column":30},"end":{"line":104,"column":null}},"45":{"start":{"line":107,"column":17},"end":{"line":107,"column":59}},"46":{"start":{"line":109,"column":21},"end":{"line":109,"column":52}},"47":{"start":{"line":110,"column":4},"end":{"line":116,"column":7}},"48":{"start":{"line":120,"column":19},"end":{"line":120,"column":38}},"49":{"start":{"line":121,"column":4},"end":{"line":121,"column":21}},"50":{"start":{"line":122,"column":4},"end":{"line":122,"column":40}},"51":{"start":{"line":126,"column":22},"end":{"line":126,"column":36}},"52":{"start":{"line":127,"column":4},"end":{"line":127,"column":24}},"53":{"start":{"line":128,"column":4},"end":{"line":128,"column":21}},"54":{"start":{"line":29,"column":22},"end":{"line":130,"column":null}},"55":{"start":{"line":29,"column":22},"end":{"line":29,"column":36}}},"fnMap":{"0":{"name":"(anonymous_11)","decl":{"start":{"line":12,"column":2},"end":{"line":12,"column":14}},"loc":{"start":{"line":12,"column":77},"end":{"line":20,"column":3}}},"1":{"name":"(anonymous_12)","decl":{"start":{"line":33,"column":2},"end":{"line":33,"column":null}},"loc":{"start":{"line":36,"column":48},"end":{"line":37,"column":6}}},"2":{"name":"(anonymous_13)","decl":{"start":{"line":39,"column":8},"end":{"line":39,"column":12}},"loc":{"start":{"line":39,"column":28},"end":{"line":48,"column":null}}},"3":{"name":"(anonymous_15)","decl":{"start":{"line":45,"column":19},"end":{"line":45,"column":25}},"loc":{"start":{"line":45,"column":33},"end":{"line":45,"column":76}}},"4":{"name":"(anonymous_16)","decl":{"start":{"line":45,"column":33},"end":{"line":45,"column":34}},"loc":{"start":{"line":45,"column":33},"end":{"line":45,"column":76}}},"5":{"name":"(anonymous_17)","decl":{"start":{"line":50,"column":8},"end":{"line":50,"column":14}},"loc":{"start":{"line":50,"column":30},"end":{"line":53,"column":null}}},"6":{"name":"(anonymous_19)","decl":{"start":{"line":55,"column":8},"end":{"line":55,"column":16}},"loc":{"start":{"line":55,"column":30},"end":{"line":57,"column":null}}},"7":{"name":"(anonymous_21)","decl":{"start":{"line":59,"column":2},"end":{"line":59,"column":7}},"loc":{"start":{"line":59,"column":35},"end":{"line":65,"column":3}}},"8":{"name":"(anonymous_22)","decl":{"start":{"line":61,"column":6},"end":{"line":61,"column":9}},"loc":{"start":{"line":61,"column":13},"end":{"line":61,"column":58}}},"9":{"name":"(anonymous_23)","decl":{"start":{"line":67,"column":2},"end":{"line":67,"column":10}},"loc":{"start":{"line":67,"column":30},"end":{"line":70,"column":3}}},"10":{"name":"(anonymous_24)","decl":{"start":{"line":72,"column":8},"end":{"line":72,"column":11}},"loc":{"start":{"line":72,"column":11},"end":{"line":77,"column":null}}},"11":{"name":"(anonymous_26)","decl":{"start":{"line":79,"column":10},"end":{"line":79,"column":28}},"loc":{"start":{"line":79,"column":28},"end":{"line":86,"column":3}}},"12":{"name":"(anonymous_27)","decl":{"start":{"line":88,"column":8},"end":{"line":88,"column":13}},"loc":{"start":{"line":88,"column":13},"end":{"line":92,"column":null}}},"13":{"name":"(anonymous_29)","decl":{"start":{"line":94,"column":8},"end":{"line":94,"column":16}},"loc":{"start":{"line":96,"column":24},"end":{"line":117,"column":null}}},"14":{"name":"(anonymous_31)","decl":{"start":{"line":119,"column":2},"end":{"line":119,"column":13}},"loc":{"start":{"line":119,"column":13},"end":{"line":123,"column":3}}},"15":{"name":"(anonymous_32)","decl":{"start":{"line":125,"column":10},"end":{"line":125,"column":25}},"loc":{"start":{"line":125,"column":25},"end":{"line":129,"column":3}}}},"branchMap":{"0":{"loc":{"start":{"line":12,"column":48},"end":{"line":12,"column":77}},"type":"default-arg","locations":[{"start":{"line":12,"column":48},"end":{"line":12,"column":77}}]},"1":{"loc":{"start":{"line":61,"column":13},"end":{"line":61,"column":37}},"type":"binary-expr","locations":[{"start":{"line":61,"column":13},"end":{"line":61,"column":37}},{"start":{"line":61,"column":41},"end":{"line":61,"column":58}}]},"2":{"loc":{"start":{"line":68,"column":4},"end":{"line":68,"column":69}},"type":"if","locations":[{"start":{"line":68,"column":4},"end":{"line":68,"column":69}},{"start":{"line":68,"column":4},"end":{"line":68,"column":69}}]},"3":{"loc":{"start":{"line":95,"column":19},"end":{"line":95,"column":20}},"type":"default-arg","locations":[{"start":{"line":95,"column":19},"end":{"line":95,"column":20}}]},"4":{"loc":{"start":{"line":96,"column":22},"end":{"line":96,"column":24}},"type":"default-arg","locations":[{"start":{"line":96,"column":22},"end":{"line":96,"column":24}}]},"5":{"loc":{"start":{"line":115,"column":37},"end":{"line":115,"column":45}},"type":"cond-expr","locations":[{"start":{"line":115,"column":37},"end":{"line":115,"column":45}},{"start":{"line":115,"column":48},"end":{"line":115,"column":52}}]}},"s":{"0":34,"1":34,"2":34,"3":1,"4":1,"5":1,"6":1,"7":1,"8":1,"9":34,"10":34,"11":8,"12":8,"13":8,"14":8,"15":2,"16":2,"17":2,"18":2,"19":1,"20":1,"21":2,"22":0,"23":0,"24":1,"25":3,"26":3,"27":3,"28":3,"29":0,"30":0,"31":0,"32":1,"33":1,"34":1,"35":3,"36":3,"37":3,"38":1,"39":1,"40":1,"41":1,"42":1,"43":1,"44":1,"45":1,"46":1,"47":1,"48":4,"49":4,"50":4,"51":3,"52":3,"53":3,"54":34,"55":34},"f":{"0":1,"1":8,"2":2,"3":1,"4":1,"5":0,"6":1,"7":3,"8":3,"9":0,"10":1,"11":3,"12":1,"13":1,"14":4,"15":3},"b":{"0":[0],"1":[3,0],"2":[0,0],"3":[0],"4":[0],"5":[0,1]}}
,"/Users/serg/Documents/DevOps/Devops-p3-starter/backend/src/modules/common/entities/index.ts": {"path":"/Users/serg/Documents/DevOps/Devops-p3-starter/backend/src/modules/common/entities/index.ts","statementMap":{"0":{"start":{"line":1,"column":0},"end":{"line":1,"column":32}},"1":{"start":{"line":2,"column":0},"end":{"line":2,"column":33}}},"fnMap":{},"branchMap":{},"s":{"0":33,"1":33},"f":{},"b":{}}
,"/Users/serg/Documents/DevOps/Devops-p3-starter/backend/src/modules/common/events/index.ts": {"path":"/Users/serg/Documents/DevOps/Devops-p3-starter/backend/src/modules/common/events/index.ts","statementMap":{"0":{"start":{"line":4,"column":0},"end":{"line":4,"column":38}}},"fnMap":{},"branchMap":{},"s":{"0":34},"f":{},"b":{}}
,"/Users/serg/Documents/DevOps/Devops-p3-starter/backend/src/modules/common/events/syncEventDispatcher.ts": {"path":"/Users/serg/Documents/DevOps/Devops-p3-starter/backend/src/modules/common/events/syncEventDispatcher.ts","statementMap":{"0":{"start":{"line":1,"column":0},"end":{"line":1,"column":40}},"1":{"start":{"line":6,"column":0},"end":{"line":6,"column":50}},"2":{"start":{"line":12,"column":0},"end":{"line":25,"column":null}},"3":{"start":{"line":13,"column":22},"end":{"line":13,"column":32}},"4":{"start":{"line":15,"column":4},"end":{"line":15,"column":33}},"5":{"start":{"line":16,"column":15},"end":{"line":16,"column":28}},"6":{"start":{"line":17,"column":4},"end":{"line":19,"column":7}},"7":{"start":{"line":18,"column":6},"end":{"line":18,"column":24}},"8":{"start":{"line":23,"column":4},"end":{"line":23,"column":37}},"9":{"start":{"line":12,"column":13},"end":{"line":25,"column":null}},"10":{"start":{"line":12,"column":13},"end":{"line":12,"column":32}}},"fnMap":{"0":{"name":"(anonymous_2)","decl":{"start":{"line":13,"column":2},"end":{"line":13,"column":22}},"loc":{"start":{"line":13,"column":40},"end":{"line":13,"column":44}}},"1":{"name":"(anonymous_3)","decl":{"start":{"line":14,"column":2},"end":{"line":14,"column":9}},"loc":{"start":{"line":14,"column":51},"end":{"line":20,"column":3}}},"2":{"name":"(anonymous_4)","decl":{"start":{"line":17,"column":23},"end":{"line":17,"column":30}},"loc":{"start":{"line":17,"column":33},"end":{"line":19,"column":5}}},"3":{"name":"(anonymous_5)","decl":{"start":{"line":22,"column":2},"end":{"line":22,"column":10}},"loc":{"start":{"line":22,"column":43},"end":{"line":24,"column":3}}}},"branchMap":{},"s":{"0":34,"1":34,"2":34,"3":0,"4":0,"5":0,"6":0,"7":0,"8":0,"9":34,"10":34},"f":{"0":0,"1":0,"2":0,"3":0},"b":{}}
,"/Users/serg/Documents/DevOps/Devops-p3-starter/backend/src/modules/common/interceptors/TransformInterceptor.ts": {"path":"/Users/serg/Documents/DevOps/Devops-p3-starter/backend/src/modules/common/interceptors/TransformInterceptor.ts","statementMap":{"0":{"start":{"line":1,"column":0},"end":{"line":1,"column":null}},"1":{"start":{"line":8,"column":0},"end":{"line":8,"column":37}},"2":{"start":{"line":9,"column":0},"end":{"line":9,"column":49}},"3":{"start":{"line":12,"column":0},"end":{"line":16,"column":null}},"4":{"start":{"line":14,"column":4},"end":{"line":14,"column":63}},"5":{"start":{"line":14,"column":42},"end":{"line":14,"column":60}},"6":{"start":{"line":12,"column":13},"end":{"line":16,"column":null}},"7":{"start":{"line":12,"column":13},"end":{"line":12,"column":33}}},"fnMap":{"0":{"name":"(anonymous_1)","decl":{"start":{"line":13,"column":2},"end":{"line":13,"column":11}},"loc":{"start":{"line":13,"column":56},"end":{"line":15,"column":3}}},"1":{"name":"(anonymous_2)","decl":{"start":{"line":14,"column":34},"end":{"line":14,"column":38}},"loc":{"start":{"line":14,"column":42},"end":{"line":14,"column":60}}}},"branchMap":{},"s":{"0":0,"1":0,"2":0,"3":0,"4":0,"5":0,"6":0,"7":0},"f":{"0":0,"1":0},"b":{}}
,"/Users/serg/Documents/DevOps/Devops-p3-starter/backend/src/modules/domain/employees/employee.controller.ts": {"path":"/Users/serg/Documents/DevOps/Devops-p3-starter/backend/src/modules/domain/employees/employee.controller.ts","statementMap":{"0":{"start":{"line":1,"column":0},"end":{"line":1,"column":null}},"1":{"start":{"line":16,"column":0},"end":{"line":16,"column":62}},"2":{"start":{"line":17,"column":0},"end":{"line":17,"column":68}},"3":{"start":{"line":18,"column":0},"end":{"line":18,"column":68}},"4":{"start":{"line":19,"column":0},"end":{"line":19,"column":76}},"5":{"start":{"line":21,"column":0},"end":{"line":21,"column":73}},"6":{"start":{"line":22,"column":0},"end":{"line":22,"column":48}},"7":{"start":{"line":26,"column":0},"end":{"line":26,"column":77}},"8":{"start":{"line":27,"column":0},"end":{"line":27,"column":83}},"9":{"start":{"line":28,"column":0},"end":{"line":28,"column":92}},"10":{"start":{"line":29,"column":0},"end":{"line":29,"column":77}},"11":{"start":{"line":30,"column":0},"end":{"line":30,"column":92}},"12":{"start":{"line":31,"column":0},"end":{"line":31,"column":96}},"13":{"start":{"line":32,"column":0},"end":{"line":32,"column":94}},"14":{"start":{"line":33,"column":0},"end":{"line":33,"column":81}},"15":{"start":{"line":34,"column":0},"end":{"line":34,"column":90}},"16":{"start":{"line":35,"column":0},"end":{"line":35,"column":96}},"17":{"start":{"line":36,"column":0},"end":{"line":36,"column":87}},"18":{"start":{"line":37,"column":0},"end":{"line":37,"column":72}},"19":{"start":{"line":40,"column":0},"end":{"line":281,"column":null}},"20":{"start":{"line":42,"column":21},"end":{"line":42,"column":40}},"21":{"start":{"line":43,"column":21},"end":{"line":43,"column":41}},"22":{"start":{"line":50,"column":21},"end":{"line":54,"column":null}},"23":{"start":{"line":57,"column":4},"end":{"line":65,"column":null}},"24":{"start":{"line":58,"column":6},"end":{"line":64,"column":8}},"25":{"start":{"line":67,"column":4},"end":{"line":91,"column":6}},"26":{"start":{"line":99,"column":21},"end":{"line":99,"column":41}},"27":{"start":{"line":100,"column":23},"end":{"line":100,"column":44}},"28":{"start":{"line":102,"column":23},"end":{"line":102,"column":49}},"29":{"start":{"line":104,"column":25},"end":{"line":109,"column":12}},"30":{"start":{"line":105,"column":21},"end":{"line":105,"column":46}},"31":{"start":{"line":107,"column":8},"end":{"line":107,"column":30}},"32":{"start":{"line":108,"column":8},"end":{"line":108,"column":19}},"33":{"start":{"line":111,"column":21},"end":{"line":113,"column":37}},"34":{"start":{"line":114,"column":4},"end":{"line":114,"column":25}},"35":{"start":{"line":119,"column":20},"end":{"line":119,"column":70}},"36":{"start":{"line":120,"column":4},"end":{"line":120,"column":31}},"37":{"start":{"line":127,"column":4},"end":{"line":150,"column":6}},"38":{"start":{"line":157,"column":4},"end":{"line":165,"column":6}},"39":{"start":{"line":172,"column":4},"end":{"line":180,"column":6}},"40":{"start":{"line":187,"column":4},"end":{"line":189,"column":6}},"41":{"start":{"line":196,"column":4},"end":{"line":198,"column":6}},"42":{"start":{"line":205,"column":4},"end":{"line":207,"column":6}},"43":{"start":{"line":214,"column":4},"end":{"line":219,"column":6}},"44":{"start":{"line":226,"column":4},"end":{"line":228,"column":6}},"45":{"start":{"line":235,"column":4},"end":{"line":237,"column":6}},"46":{"start":{"line":244,"column":4},"end":{"line":246,"column":6}},"47":{"start":{"line":253,"column":4},"end":{"line":258,"column":6}},"48":{"start":{"line":265,"column":4},"end":{"line":267,"column":6}},"49":{"start":{"line":271,"column":4},"end":{"line":273,"column":6}},"50":{"start":{"line":277,"column":4},"end":{"line":279,"column":6}},"51":{"start":{"line":47,"column":2},"end":{"line":92,"column":null}},"52":{"start":{"line":95,"column":2},"end":{"line":115,"column":null}},"53":{"start":{"line":118,"column":2},"end":{"line":121,"column":null}},"54":{"start":{"line":124,"column":2},"end":{"line":151,"column":null}},"55":{"start":{"line":153,"column":2},"end":{"line":166,"column":null}},"56":{"start":{"line":168,"column":2},"end":{"line":181,"column":null}},"57":{"start":{"line":183,"column":2},"end":{"line":190,"column":null}},"58":{"start":{"line":192,"column":2},"end":{"line":199,"column":null}},"59":{"start":{"line":201,"column":2},"end":{"line":208,"column":null}},"60":{"start":{"line":210,"column":2},"end":{"line":220,"column":null}},"61":{"start":{"line":222,"column":2},"end":{"line":229,"column":null}},"62":{"start":{"line":231,"column":2},"end":{"line":238,"column":null}},"63":{"start":{"line":240,"column":2},"end":{"line":247,"column":null}},"64":{"start":{"line":249,"column":2},"end":{"line":259,"column":null}},"65":{"start":{"line":261,"column":2},"end":{"line":268,"column":null}},"66":{"start":{"line":270,"column":2},"end":{"line":274,"column":null}},"67":{"start":{"line":276,"column":2},"end":{"line":280,"column":null}},"68":{"start":{"line":40,"column":13},"end":{"line":281,"column":null}},"69":{"start":{"line":40,"column":13},"end":{"line":40,"column":31}}},"fnMap":{"0":{"name":"(anonymous_11)","decl":{"start":{"line":41,"column":2},"end":{"line":41,"column":null}},"loc":{"start":{"line":43,"column":59},"end":{"line":44,"column":6}}},"1":{"name":"(anonymous_12)","decl":{"start":{"line":47,"column":8},"end":{"line":47,"column":22}},"loc":{"start":{"line":48,"column":50},"end":{"line":92,"column":null}}},"2":{"name":"(anonymous_14)","decl":{"start":{"line":95,"column":8},"end":{"line":95,"column":20}},"loc":{"start":{"line":97,"column":42},"end":{"line":115,"column":null}}},"3":{"name":"(anonymous_16)","decl":{"start":{"line":105,"column":14},"end":{"line":105,"column":17}},"loc":{"start":{"line":105,"column":21},"end":{"line":105,"column":46}}},"4":{"name":"(anonymous_17)","decl":{"start":{"line":106,"column":14},"end":{"line":106,"column":15}},"loc":{"start":{"line":106,"column":27},"end":{"line":109,"column":7}}},"5":{"name":"(anonymous_18)","decl":{"start":{"line":118,"column":8},"end":{"line":118,"column":15}},"loc":{"start":{"line":118,"column":47},"end":{"line":121,"column":null}}},"6":{"name":"(anonymous_20)","decl":{"start":{"line":124,"column":8},"end":{"line":124,"column":22}},"loc":{"start":{"line":125,"column":50},"end":{"line":151,"column":null}}},"7":{"name":"(anonymous_22)","decl":{"start":{"line":153,"column":8},"end":{"line":153,"column":19}},"loc":{"start":{"line":155,"column":50},"end":{"line":166,"column":null}}},"8":{"name":"(anonymous_24)","decl":{"start":{"line":168,"column":8},"end":{"line":168,"column":21}},"loc":{"start":{"line":170,"column":50},"end":{"line":181,"column":null}}},"9":{"name":"(anonymous_26)","decl":{"start":{"line":183,"column":8},"end":{"line":183,"column":25}},"loc":{"start":{"line":185,"column":50},"end":{"line":190,"column":null}}},"10":{"name":"(anonymous_28)","decl":{"start":{"line":192,"column":8},"end":{"line":192,"column":18}},"loc":{"start":{"line":194,"column":50},"end":{"line":199,"column":null}}},"11":{"name":"(anonymous_30)","decl":{"start":{"line":201,"column":8},"end":{"line":201,"column":25}},"loc":{"start":{"line":203,"column":50},"end":{"line":208,"column":null}}},"12":{"name":"(anonymous_32)","decl":{"start":{"line":210,"column":8},"end":{"line":210,"column":27}},"loc":{"start":{"line":212,"column":50},"end":{"line":220,"column":null}}},"13":{"name":"(anonymous_34)","decl":{"start":{"line":222,"column":8},"end":{"line":222,"column":26}},"loc":{"start":{"line":224,"column":50},"end":{"line":229,"column":null}}},"14":{"name":"(anonymous_36)","decl":{"start":{"line":231,"column":8},"end":{"line":231,"column":20}},"loc":{"start":{"line":233,"column":50},"end":{"line":238,"column":null}}},"15":{"name":"(anonymous_38)","decl":{"start":{"line":240,"column":8},"end":{"line":240,"column":24}},"loc":{"start":{"line":242,"column":50},"end":{"line":247,"column":null}}},"16":{"name":"(anonymous_40)","decl":{"start":{"line":249,"column":8},"end":{"line":249,"column":27}},"loc":{"start":{"line":251,"column":50},"end":{"line":259,"column":null}}},"17":{"name":"(anonymous_42)","decl":{"start":{"line":261,"column":8},"end":{"line":261,"column":23}},"loc":{"start":{"line":263,"column":50},"end":{"line":268,"column":null}}},"18":{"name":"(anonymous_44)","decl":{"start":{"line":270,"column":8},"end":{"line":270,"column":26}},"loc":{"start":{"line":270,"column":58},"end":{"line":274,"column":null}}},"19":{"name":"(anonymous_46)","decl":{"start":{"line":276,"column":8},"end":{"line":276,"column":24}},"loc":{"start":{"line":276,"column":56},"end":{"line":280,"column":null}}}},"branchMap":{"0":{"loc":{"start":{"line":57,"column":4},"end":{"line":65,"column":null}},"type":"if","locations":[{"start":{"line":57,"column":4},"end":{"line":65,"column":null}},{"start":{"line":57,"column":4},"end":{"line":65,"column":null}}]},"1":{"loc":{"start":{"line":99,"column":21},"end":{"line":99,"column":35}},"type":"binary-expr","locations":[{"start":{"line":99,"column":21},"end":{"line":99,"column":35}},{"start":{"line":99,"column":39},"end":{"line":99,"column":41}}]},"2":{"loc":{"start":{"line":100,"column":23},"end":{"line":100,"column":39}},"type":"binary-expr","locations":[{"start":{"line":100,"column":23},"end":{"line":100,"column":39}},{"start":{"line":100,"column":43},"end":{"line":100,"column":44}}]}},"s":{"0":1,"1":1,"2":1,"3":1,"4":1,"5":1,"6":1,"7":1,"8":1,"9":1,"10":1,"11":1,"12":1,"13":1,"14":1,"15":1,"16":1,"17":1,"18":1,"19":1,"20":1,"21":1,"22":1,"23":1,"24":0,"25":1,"26":0,"27":0,"28":0,"29":0,"30":0,"31":0,"32":0,"33":0,"34":0,"35":0,"36":0,"37":0,"38":1,"39":1,"40":1,"41":1,"42":1,"43":1,"44":1,"45":1,"46":1,"47":1,"48":1,"49":1,"50":1,"51":1,"52":1,"53":1,"54":1,"55":1,"56":1,"57":1,"58":1,"59":1,"60":1,"61":1,"62":1,"63":1,"64":1,"65":1,"66":1,"67":1,"68":1,"69":1},"f":{"0":1,"1":1,"2":0,"3":0,"4":0,"5":0,"6":0,"7":1,"8":1,"9":1,"10":1,"11":1,"12":1,"13":1,"14":1,"15":1,"16":1,"17":1,"18":1,"19":1},"b":{"0":[0,1],"1":[0,0],"2":[0,0]}}
,"/Users/serg/Documents/DevOps/Devops-p3-starter/backend/src/modules/domain/employees/employee.module.ts": {"path":"/Users/serg/Documents/DevOps/Devops-p3-starter/backend/src/modules/domain/employees/employee.module.ts","statementMap":{"0":{"start":{"line":1,"column":0},"end":{"line":1,"column":54}},"1":{"start":{"line":2,"column":0},"end":{"line":2,"column":54}},"2":{"start":{"line":3,"column":0},"end":{"line":3,"column":50}},"3":{"start":{"line":4,"column":0},"end":{"line":4,"column":44}},"4":{"start":{"line":5,"column":0},"end":{"line":5,"column":53}},"5":{"start":{"line":6,"column":0},"end":{"line":6,"column":48}},"6":{"start":{"line":7,"column":0},"end":{"line":7,"column":52}},"7":{"start":{"line":8,"column":0},"end":{"line":8,"column":49}},"8":{"start":{"line":9,"column":0},"end":{"line":9,"column":41}},"9":{"start":{"line":10,"column":0},"end":{"line":10,"column":73}},"10":{"start":{"line":11,"column":0},"end":{"line":11,"column":59}},"11":{"start":{"line":12,"column":0},"end":{"line":12,"column":54}},"12":{"start":{"line":13,"column":0},"end":{"line":13,"column":58}},"13":{"start":{"line":14,"column":0},"end":{"line":14,"column":48}},"14":{"start":{"line":27,"column":0},"end":{"line":37,"column":null}},"15":{"start":{"line":29,"column":21},"end":{"line":29,"column":32}},"16":{"start":{"line":30,"column":21},"end":{"line":30,"column":31}},"17":{"start":{"line":34,"column":4},"end":{"line":34,"column":47}},"18":{"start":{"line":35,"column":4},"end":{"line":35,"column":56}},"19":{"start":{"line":27,"column":13},"end":{"line":37,"column":null}},"20":{"start":{"line":27,"column":13},"end":{"line":27,"column":27}}},"fnMap":{"0":{"name":"(anonymous_2)","decl":{"start":{"line":28,"column":2},"end":{"line":28,"column":null}},"loc":{"start":{"line":30,"column":52},"end":{"line":31,"column":6}}},"1":{"name":"(anonymous_3)","decl":{"start":{"line":33,"column":2},"end":{"line":33,"column":14}},"loc":{"start":{"line":33,"column":14},"end":{"line":36,"column":3}}}},"branchMap":{},"s":{"0":0,"1":0,"2":0,"3":0,"4":0,"5":0,"6":0,"7":0,"8":0,"9":0,"10":0,"11":0,"12":0,"13":0,"14":0,"15":0,"16":0,"17":0,"18":0,"19":0,"20":0},"f":{"0":0,"1":0},"b":{}}
,"/Users/serg/Documents/DevOps/Devops-p3-starter/backend/src/modules/domain/employees/commands/activate-employee.command.ts": {"path":"/Users/serg/Documents/DevOps/Devops-p3-starter/backend/src/modules/domain/employees/commands/activate-employee.command.ts","statementMap":{"0":{"start":{"line":8,"column":4},"end":{"line":8,"column":33}},"1":{"start":{"line":9,"column":4},"end":{"line":9,"column":29}},"2":{"start":{"line":3,"column":0},"end":{"line":3,"column":13}}},"fnMap":{"0":{"name":"(anonymous_0)","decl":{"start":{"line":7,"column":2},"end":{"line":7,"column":14}},"loc":{"start":{"line":7,"column":51},"end":{"line":10,"column":3}}}},"branchMap":{},"s":{"0":3,"1":3,"2":3},"f":{"0":3},"b":{}}
,"/Users/serg/Documents/DevOps/Devops-p3-starter/backend/src/modules/domain/employees/commands/create-employee.command.ts": {"path":"/Users/serg/Documents/DevOps/Devops-p3-starter/backend/src/modules/domain/employees/commands/create-employee.command.ts","statementMap":{"0":{"start":{"line":30,"column":4},"end":{"line":30,"column":39}},"1":{"start":{"line":31,"column":4},"end":{"line":31,"column":27}},"2":{"start":{"line":32,"column":4},"end":{"line":32,"column":31}},"3":{"start":{"line":33,"column":4},"end":{"line":33,"column":25}},"4":{"start":{"line":34,"column":4},"end":{"line":34,"column":29}},"5":{"start":{"line":35,"column":4},"end":{"line":35,"column":33}},"6":{"start":{"line":36,"column":4},"end":{"line":36,"column":39}},"7":{"start":{"line":37,"column":4},"end":{"line":37,"column":35}},"8":{"start":{"line":38,"column":4},"end":{"line":38,"column":25}},"9":{"start":{"line":39,"column":4},"end":{"line":39,"column":25}},"10":{"start":{"line":40,"column":4},"end":{"line":40,"column":33}},"11":{"start":{"line":41,"column":4},"end":{"line":41,"column":41}},"12":{"start":{"line":42,"column":4},"end":{"line":42,"column":31}},"13":{"start":{"line":43,"column":4},"end":{"line":43,"column":21}},"14":{"start":{"line":44,"column":4},"end":{"line":44,"column":21}},"15":{"start":{"line":45,"column":4},"end":{"line":45,"column":27}},"16":{"start":{"line":46,"column":4},"end":{"line":46,"column":35}},"17":{"start":{"line":47,"column":4},"end":{"line":47,"column":39}},"18":{"start":{"line":48,"column":4},"end":{"line":48,"column":37}},"19":{"start":{"line":49,"column":4},"end":{"line":49,"column":29}},"20":{"start":{"line":50,"column":4},"end":{"line":50,"column":31}},"21":{"start":{"line":3,"column":0},"end":{"line":3,"column":13}}},"fnMap":{"0":{"name":"(anonymous_0)","decl":{"start":{"line":26,"column":2},"end":{"line":26,"column":14}},"loc":{"start":{"line":29,"column":132},"end":{"line":51,"column":3}}}},"branchMap":{},"s":{"0":3,"1":3,"2":3,"3":3,"4":3,"5":3,"6":3,"7":3,"8":3,"9":3,"10":3,"11":3,"12":3,"13":3,"14":3,"15":3,"16":3,"17":3,"18":3,"19":3,"20":3,"21":3},"f":{"0":3},"b":{}}
,"/Users/serg/Documents/DevOps/Devops-p3-starter/backend/src/modules/domain/employees/commands/deactivate-employee.command.ts": {"path":"/Users/serg/Documents/DevOps/Devops-p3-starter/backend/src/modules/domain/employees/commands/deactivate-employee.command.ts","statementMap":{"0":{"start":{"line":8,"column":4},"end":{"line":8,"column":33}},"1":{"start":{"line":9,"column":4},"end":{"line":9,"column":29}},"2":{"start":{"line":3,"column":0},"end":{"line":3,"column":13}}},"fnMap":{"0":{"name":"(anonymous_0)","decl":{"start":{"line":7,"column":2},"end":{"line":7,"column":14}},"loc":{"start":{"line":7,"column":51},"end":{"line":10,"column":3}}}},"branchMap":{},"s":{"0":3,"1":3,"2":3},"f":{"0":3},"b":{}}
,"/Users/serg/Documents/DevOps/Devops-p3-starter/backend/src/modules/domain/employees/commands/update-employee-address.command.ts": {"path":"/Users/serg/Documents/DevOps/Devops-p3-starter/backend/src/modules/domain/employees/commands/update-employee-address.command.ts","statementMap":{"0":{"start":{"line":12,"column":4},"end":{"line":12,"column":33}},"1":{"start":{"line":13,"column":4},"end":{"line":13,"column":27}},"2":{"start":{"line":14,"column":4},"end":{"line":14,"column":25}},"3":{"start":{"line":15,"column":4},"end":{"line":15,"column":27}},"4":{"start":{"line":16,"column":4},"end":{"line":16,"column":21}},"5":{"start":{"line":3,"column":0},"end":{"line":3,"column":13}}},"fnMap":{"0":{"name":"(anonymous_0)","decl":{"start":{"line":11,"column":2},"end":{"line":11,"column":14}},"loc":{"start":{"line":11,"column":96},"end":{"line":17,"column":3}}}},"branchMap":{},"s":{"0":4,"1":4,"2":4,"3":4,"4":4,"5":4},"f":{"0":4},"b":{}}
,"/Users/serg/Documents/DevOps/Devops-p3-starter/backend/src/modules/domain/employees/commands/update-employee-birthdate.command.ts": {"path":"/Users/serg/Documents/DevOps/Devops-p3-starter/backend/src/modules/domain/employees/commands/update-employee-birthdate.command.ts","statementMap":{"0":{"start":{"line":8,"column":4},"end":{"line":8,"column":33}},"1":{"start":{"line":9,"column":4},"end":{"line":9,"column":31}},"2":{"start":{"line":3,"column":0},"end":{"line":3,"column":13}}},"fnMap":{"0":{"name":"(anonymous_0)","decl":{"start":{"line":7,"column":2},"end":{"line":7,"column":14}},"loc":{"start":{"line":7,"column":51},"end":{"line":10,"column":3}}}},"branchMap":{},"s":{"0":4,"1":4,"2":4},"f":{"0":4},"b":{}}
,"/Users/serg/Documents/DevOps/Devops-p3-starter/backend/src/modules/domain/employees/commands/update-employee-company-email.command.ts": {"path":"/Users/serg/Documents/DevOps/Devops-p3-starter/backend/src/modules/domain/employees/commands/update-employee-company-email.command.ts","statementMap":{"0":{"start":{"line":8,"column":4},"end":{"line":8,"column":33}},"1":{"start":{"line":9,"column":4},"end":{"line":9,"column":37}},"2":{"start":{"line":3,"column":0},"end":{"line":3,"column":13}}},"fnMap":{"0":{"name":"(anonymous_0)","decl":{"start":{"line":7,"column":2},"end":{"line":7,"column":14}},"loc":{"start":{"line":7,"column":54},"end":{"line":10,"column":3}}}},"branchMap":{},"s":{"0":4,"1":4,"2":4},"f":{"0":4},"b":{}}
,"/Users/serg/Documents/DevOps/Devops-p3-starter/backend/src/modules/domain/employees/commands/update-employee-display-name.command.ts": {"path":"/Users/serg/Documents/DevOps/Devops-p3-starter/backend/src/modules/domain/employees/commands/update-employee-display-name.command.ts","statementMap":{"0":{"start":{"line":8,"column":4},"end":{"line":8,"column":33}},"1":{"start":{"line":9,"column":4},"end":{"line":9,"column":35}},"2":{"start":{"line":3,"column":0},"end":{"line":3,"column":13}}},"fnMap":{"0":{"name":"(anonymous_0)","decl":{"start":{"line":7,"column":2},"end":{"line":7,"column":14}},"loc":{"start":{"line":7,"column":53},"end":{"line":10,"column":3}}}},"branchMap":{},"s":{"0":4,"1":4,"2":4},"f":{"0":4},"b":{}}
,"/Users/serg/Documents/DevOps/Devops-p3-starter/backend/src/modules/domain/employees/commands/update-employee-effective-date.command.ts": {"path":"/Users/serg/Documents/DevOps/Devops-p3-starter/backend/src/modules/domain/employees/commands/update-employee-effective-date.command.ts","statementMap":{"0":{"start":{"line":8,"column":4},"end":{"line":8,"column":33}},"1":{"start":{"line":9,"column":4},"end":{"line":9,"column":39}},"2":{"start":{"line":3,"column":0},"end":{"line":3,"column":13}}},"fnMap":{"0":{"name":"(anonymous_0)","decl":{"start":{"line":7,"column":2},"end":{"line":7,"column":14}},"loc":{"start":{"line":7,"column":55},"end":{"line":10,"column":3}}}},"branchMap":{},"s":{"0":4,"1":4,"2":4},"f":{"0":4},"b":{}}
,"/Users/serg/Documents/DevOps/Devops-p3-starter/backend/src/modules/domain/employees/commands/update-employee-name.command.ts": {"path":"/Users/serg/Documents/DevOps/Devops-p3-starter/backend/src/modules/domain/employees/commands/update-employee-name.command.ts","statementMap":{"0":{"start":{"line":12,"column":4},"end":{"line":12,"column":33}},"1":{"start":{"line":13,"column":4},"end":{"line":13,"column":31}},"2":{"start":{"line":14,"column":4},"end":{"line":14,"column":29}},"3":{"start":{"line":15,"column":4},"end":{"line":15,"column":33}},"4":{"start":{"line":16,"column":4},"end":{"line":16,"column":41}},"5":{"start":{"line":3,"column":0},"end":{"line":3,"column":13}}},"fnMap":{"0":{"name":"(anonymous_0)","decl":{"start":{"line":11,"column":2},"end":{"line":11,"column":14}},"loc":{"start":{"line":11,"column":113},"end":{"line":17,"column":3}}}},"branchMap":{},"s":{"0":4,"1":4,"2":4,"3":4,"4":4,"5":4},"f":{"0":4},"b":{}}
,"/Users/serg/Documents/DevOps/Devops-p3-starter/backend/src/modules/domain/employees/commands/update-employee-personal-email.command.ts": {"path":"/Users/serg/Documents/DevOps/Devops-p3-starter/backend/src/modules/domain/employees/commands/update-employee-personal-email.command.ts","statementMap":{"0":{"start":{"line":8,"column":4},"end":{"line":8,"column":33}},"1":{"start":{"line":9,"column":4},"end":{"line":9,"column":39}},"2":{"start":{"line":3,"column":0},"end":{"line":3,"column":13}}},"fnMap":{"0":{"name":"(anonymous_0)","decl":{"start":{"line":7,"column":2},"end":{"line":7,"column":14}},"loc":{"start":{"line":7,"column":55},"end":{"line":10,"column":3}}}},"branchMap":{},"s":{"0":4,"1":4,"2":4},"f":{"0":4},"b":{}}
,"/Users/serg/Documents/DevOps/Devops-p3-starter/backend/src/modules/domain/employees/commands/update-employee-phone-number.command.ts": {"path":"/Users/serg/Documents/DevOps/Devops-p3-starter/backend/src/modules/domain/employees/commands/update-employee-phone-number.command.ts","statementMap":{"0":{"start":{"line":8,"column":4},"end":{"line":8,"column":33}},"1":{"start":{"line":9,"column":4},"end":{"line":9,"column":35}},"2":{"start":{"line":3,"column":0},"end":{"line":3,"column":13}}},"fnMap":{"0":{"name":"(anonymous_0)","decl":{"start":{"line":7,"column":2},"end":{"line":7,"column":14}},"loc":{"start":{"line":7,"column":53},"end":{"line":10,"column":3}}}},"branchMap":{},"s":{"0":4,"1":4,"2":4},"f":{"0":4},"b":{}}
,"/Users/serg/Documents/DevOps/Devops-p3-starter/backend/src/modules/domain/employees/commands/update-employee-salary-type.command.ts": {"path":"/Users/serg/Documents/DevOps/Devops-p3-starter/backend/src/modules/domain/employees/commands/update-employee-salary-type.command.ts","statementMap":{"0":{"start":{"line":8,"column":4},"end":{"line":8,"column":33}},"1":{"start":{"line":9,"column":4},"end":{"line":9,"column":33}},"2":{"start":{"line":3,"column":0},"end":{"line":3,"column":13}}},"fnMap":{"0":{"name":"(anonymous_0)","decl":{"start":{"line":7,"column":2},"end":{"line":7,"column":14}},"loc":{"start":{"line":7,"column":52},"end":{"line":10,"column":3}}}},"branchMap":{},"s":{"0":4,"1":4,"2":4},"f":{"0":4},"b":{}}
,"/Users/serg/Documents/DevOps/Devops-p3-starter/backend/src/modules/domain/employees/commands/update-employee-salary.command.ts": {"path":"/Users/serg/Documents/DevOps/Devops-p3-starter/backend/src/modules/domain/employees/commands/update-employee-salary.command.ts","statementMap":{"0":{"start":{"line":8,"column":4},"end":{"line":8,"column":33}},"1":{"start":{"line":9,"column":4},"end":{"line":9,"column":25}},"2":{"start":{"line":3,"column":0},"end":{"line":3,"column":13}}},"fnMap":{"0":{"name":"(anonymous_0)","decl":{"start":{"line":7,"column":2},"end":{"line":7,"column":14}},"loc":{"start":{"line":7,"column":48},"end":{"line":10,"column":3}}}},"branchMap":{},"s":{"0":4,"1":4,"2":4},"f":{"0":4},"b":{}}
,"/Users/serg/Documents/DevOps/Devops-p3-starter/backend/src/modules/domain/employees/commands/update-employee-tags.command.ts": {"path":"/Users/serg/Documents/DevOps/Devops-p3-starter/backend/src/modules/domain/employees/commands/update-employee-tags.command.ts","statementMap":{"0":{"start":{"line":8,"column":4},"end":{"line":8,"column":33}},"1":{"start":{"line":9,"column":4},"end":{"line":9,"column":21}},"2":{"start":{"line":3,"column":0},"end":{"line":3,"column":13}}},"fnMap":{"0":{"name":"(anonymous_0)","decl":{"start":{"line":7,"column":2},"end":{"line":7,"column":14}},"loc":{"start":{"line":7,"column":46},"end":{"line":10,"column":3}}}},"branchMap":{},"s":{"0":4,"1":4,"2":4},"f":{"0":4},"b":{}}
,"/Users/serg/Documents/DevOps/Devops-p3-starter/backend/src/modules/domain/employees/commands/update-employee.command.ts": {"path":"/Users/serg/Documents/DevOps/Devops-p3-starter/backend/src/modules/domain/employees/commands/update-employee.command.ts","statementMap":{"0":{"start":{"line":29,"column":4},"end":{"line":29,"column":33}},"1":{"start":{"line":30,"column":4},"end":{"line":30,"column":39}},"2":{"start":{"line":31,"column":4},"end":{"line":31,"column":27}},"3":{"start":{"line":32,"column":4},"end":{"line":32,"column":31}},"4":{"start":{"line":33,"column":4},"end":{"line":33,"column":29}},"5":{"start":{"line":34,"column":4},"end":{"line":34,"column":33}},"6":{"start":{"line":35,"column":4},"end":{"line":35,"column":39}},"7":{"start":{"line":36,"column":4},"end":{"line":36,"column":35}},"8":{"start":{"line":37,"column":4},"end":{"line":37,"column":25}},"9":{"start":{"line":38,"column":4},"end":{"line":38,"column":25}},"10":{"start":{"line":39,"column":4},"end":{"line":39,"column":33}},"11":{"start":{"line":40,"column":4},"end":{"line":40,"column":41}},"12":{"start":{"line":41,"column":4},"end":{"line":41,"column":21}},"13":{"start":{"line":42,"column":4},"end":{"line":42,"column":21}},"14":{"start":{"line":43,"column":4},"end":{"line":43,"column":27}},"15":{"start":{"line":44,"column":4},"end":{"line":44,"column":35}},"16":{"start":{"line":45,"column":4},"end":{"line":45,"column":39}},"17":{"start":{"line":46,"column":4},"end":{"line":46,"column":37}},"18":{"start":{"line":47,"column":4},"end":{"line":47,"column":29}},"19":{"start":{"line":48,"column":4},"end":{"line":48,"column":31}},"20":{"start":{"line":3,"column":0},"end":{"line":3,"column":13}}},"fnMap":{"0":{"name":"(anonymous_0)","decl":{"start":{"line":25,"column":2},"end":{"line":25,"column":14}},"loc":{"start":{"line":28,"column":118},"end":{"line":49,"column":3}}}},"branchMap":{},"s":{"0":1,"1":1,"2":1,"3":1,"4":1,"5":1,"6":1,"7":1,"8":1,"9":1,"10":1,"11":1,"12":1,"13":1,"14":1,"15":1,"16":1,"17":1,"18":1,"19":1,"20":2},"f":{"0":1},"b":{}}
,"/Users/serg/Documents/DevOps/Devops-p3-starter/backend/src/modules/domain/employees/commands/handlers/employee-activator.handler.ts": {"path":"/Users/serg/Documents/DevOps/Devops-p3-starter/backend/src/modules/domain/employees/commands/handlers/employee-activator.handler.ts","statementMap":{"0":{"start":{"line":1,"column":0},"end":{"line":1,"column":64}},"1":{"start":{"line":2,"column":0},"end":{"line":2,"column":65}},"2":{"start":{"line":3,"column":0},"end":{"line":3,"column":46}},"3":{"start":{"line":4,"column":0},"end":{"line":4,"column":44}},"4":{"start":{"line":5,"column":0},"end":{"line":5,"column":77}},"5":{"start":{"line":9,"column":0},"end":{"line":21,"column":null}},"6":{"start":{"line":11,"column":4},"end":{"line":11,"column":12}},"7":{"start":{"line":10,"column":31},"end":{"line":10,"column":51}},"8":{"start":{"line":15,"column":37},"end":{"line":15,"column":44}},"9":{"start":{"line":16,"column":21},"end":{"line":16,"column":71}},"10":{"start":{"line":17,"column":4},"end":{"line":17,"column":33}},"11":{"start":{"line":19,"column":4},"end":{"line":19,"column":49}},"12":{"start":{"line":9,"column":13},"end":{"line":21,"column":null}},"13":{"start":{"line":9,"column":13},"end":{"line":9,"column":30}}},"fnMap":{"0":{"name":"(anonymous_9)","decl":{"start":{"line":10,"column":2},"end":{"line":10,"column":31}},"loc":{"start":{"line":10,"column":69},"end":{"line":12,"column":3}}},"1":{"name":"(anonymous_10)","decl":{"start":{"line":14,"column":8},"end":{"line":14,"column":14}},"loc":{"start":{"line":14,"column":40},"end":{"line":20,"column":null}}}},"branchMap":{},"s":{"0":1,"1":1,"2":1,"3":1,"4":1,"5":1,"6":1,"7":1,"8":1,"9":1,"10":1,"11":1,"12":1,"13":1},"f":{"0":1,"1":1},"b":{}}
,"/Users/serg/Documents/DevOps/Devops-p3-starter/backend/src/modules/domain/employees/commands/handlers/employee-address-updater.handler.ts": {"path":"/Users/serg/Documents/DevOps/Devops-p3-starter/backend/src/modules/domain/employees/commands/handlers/employee-address-updater.handler.ts","statementMap":{"0":{"start":{"line":1,"column":0},"end":{"line":1,"column":65}},"1":{"start":{"line":2,"column":0},"end":{"line":2,"column":75}},"2":{"start":{"line":3,"column":0},"end":{"line":3,"column":46}},"3":{"start":{"line":4,"column":0},"end":{"line":4,"column":44}},"4":{"start":{"line":5,"column":0},"end":{"line":5,"column":77}},"5":{"start":{"line":9,"column":0},"end":{"line":31,"column":null}},"6":{"start":{"line":11,"column":4},"end":{"line":11,"column":12}},"7":{"start":{"line":10,"column":31},"end":{"line":10,"column":51}},"8":{"start":{"line":20,"column":8},"end":{"line":20,"column":15}},"9":{"start":{"line":22,"column":21},"end":{"line":22,"column":71}},"10":{"start":{"line":24,"column":4},"end":{"line":24,"column":31}},"11":{"start":{"line":25,"column":4},"end":{"line":25,"column":31}},"12":{"start":{"line":26,"column":4},"end":{"line":26,"column":29}},"13":{"start":{"line":27,"column":4},"end":{"line":27,"column":25}},"14":{"start":{"line":29,"column":4},"end":{"line":29,"column":49}},"15":{"start":{"line":9,"column":13},"end":{"line":31,"column":null}},"16":{"start":{"line":9,"column":13},"end":{"line":9,"column":35}}},"fnMap":{"0":{"name":"(anonymous_9)","decl":{"start":{"line":10,"column":2},"end":{"line":10,"column":31}},"loc":{"start":{"line":10,"column":69},"end":{"line":12,"column":3}}},"1":{"name":"(anonymous_10)","decl":{"start":{"line":13,"column":8},"end":{"line":13,"column":14}},"loc":{"start":{"line":13,"column":45},"end":{"line":30,"column":null}}}},"branchMap":{},"s":{"0":1,"1":1,"2":1,"3":1,"4":1,"5":1,"6":1,"7":1,"8":1,"9":1,"10":1,"11":1,"12":1,"13":1,"14":1,"15":1,"16":1},"f":{"0":1,"1":1},"b":{}}
,"/Users/serg/Documents/DevOps/Devops-p3-starter/backend/src/modules/domain/employees/commands/handlers/employee-birthdate-updater.handler.ts": {"path":"/Users/serg/Documents/DevOps/Devops-p3-starter/backend/src/modules/domain/employees/commands/handlers/employee-birthdate-updater.handler.ts","statementMap":{"0":{"start":{"line":1,"column":0},"end":{"line":1,"column":42}},"1":{"start":{"line":2,"column":0},"end":{"line":2,"column":65}},"2":{"start":{"line":3,"column":0},"end":{"line":3,"column":79}},"3":{"start":{"line":4,"column":0},"end":{"line":4,"column":46}},"4":{"start":{"line":5,"column":0},"end":{"line":5,"column":44}},"5":{"start":{"line":6,"column":0},"end":{"line":6,"column":77}},"6":{"start":{"line":10,"column":0},"end":{"line":28,"column":null}},"7":{"start":{"line":12,"column":4},"end":{"line":12,"column":12}},"8":{"start":{"line":11,"column":31},"end":{"line":11,"column":51}},"9":{"start":{"line":18,"column":8},"end":{"line":18,"column":15}},"10":{"start":{"line":20,"column":21},"end":{"line":20,"column":71}},"11":{"start":{"line":22,"column":4},"end":{"line":24,"column":14}},"12":{"start":{"line":26,"column":4},"end":{"line":26,"column":49}},"13":{"start":{"line":10,"column":13},"end":{"line":28,"column":null}},"14":{"start":{"line":10,"column":13},"end":{"line":10,"column":37}}},"fnMap":{"0":{"name":"(anonymous_9)","decl":{"start":{"line":11,"column":2},"end":{"line":11,"column":31}},"loc":{"start":{"line":11,"column":69},"end":{"line":13,"column":3}}},"1":{"name":"(anonymous_10)","decl":{"start":{"line":14,"column":8},"end":{"line":14,"column":14}},"loc":{"start":{"line":14,"column":47},"end":{"line":27,"column":null}}}},"branchMap":{},"s":{"0":1,"1":1,"2":1,"3":1,"4":1,"5":1,"6":1,"7":1,"8":1,"9":1,"10":1,"11":1,"12":1,"13":1,"14":1},"f":{"0":1,"1":1},"b":{}}
,"/Users/serg/Documents/DevOps/Devops-p3-starter/backend/src/modules/domain/employees/commands/handlers/employee-company-email-updater.handler.ts": {"path":"/Users/serg/Documents/DevOps/Devops-p3-starter/backend/src/modules/domain/employees/commands/handlers/employee-company-email-updater.handler.ts","statementMap":{"0":{"start":{"line":1,"column":0},"end":{"line":1,"column":65}},"1":{"start":{"line":2,"column":0},"end":{"line":2,"column":86}},"2":{"start":{"line":3,"column":0},"end":{"line":3,"column":46}},"3":{"start":{"line":4,"column":0},"end":{"line":4,"column":44}},"4":{"start":{"line":5,"column":0},"end":{"line":5,"column":77}},"5":{"start":{"line":9,"column":0},"end":{"line":25,"column":null}},"6":{"start":{"line":11,"column":4},"end":{"line":11,"column":12}},"7":{"start":{"line":10,"column":31},"end":{"line":10,"column":51}},"8":{"start":{"line":17,"column":8},"end":{"line":17,"column":15}},"9":{"start":{"line":19,"column":21},"end":{"line":19,"column":71}},"10":{"start":{"line":21,"column":4},"end":{"line":21,"column":41}},"11":{"start":{"line":23,"column":4},"end":{"line":23,"column":49}},"12":{"start":{"line":9,"column":13},"end":{"line":25,"column":null}},"13":{"start":{"line":9,"column":13},"end":{"line":9,"column":40}}},"fnMap":{"0":{"name":"(anonymous_9)","decl":{"start":{"line":10,"column":2},"end":{"line":10,"column":31}},"loc":{"start":{"line":10,"column":69},"end":{"line":12,"column":3}}},"1":{"name":"(anonymous_10)","decl":{"start":{"line":13,"column":8},"end":{"line":13,"column":14}},"loc":{"start":{"line":13,"column":50},"end":{"line":24,"column":null}}}},"branchMap":{},"s":{"0":1,"1":1,"2":1,"3":1,"4":1,"5":1,"6":1,"7":1,"8":1,"9":1,"10":1,"11":1,"12":1,"13":1},"f":{"0":1,"1":1},"b":{}}
,"/Users/serg/Documents/DevOps/Devops-p3-starter/backend/src/modules/domain/employees/commands/handlers/employee-creator.handler.ts": {"path":"/Users/serg/Documents/DevOps/Devops-p3-starter/backend/src/modules/domain/employees/commands/handlers/employee-creator.handler.ts","statementMap":{"0":{"start":{"line":1,"column":0},"end":{"line":1,"column":65}},"1":{"start":{"line":2,"column":0},"end":{"line":2,"column":60}},"2":{"start":{"line":3,"column":0},"end":{"line":3,"column":77}},"3":{"start":{"line":4,"column":0},"end":{"line":4,"column":58}},"4":{"start":{"line":5,"column":0},"end":{"line":5,"column":46}},"5":{"start":{"line":6,"column":0},"end":{"line":6,"column":44}},"6":{"start":{"line":10,"column":0},"end":{"line":19,"column":null}},"7":{"start":{"line":12,"column":4},"end":{"line":12,"column":12}},"8":{"start":{"line":11,"column":31},"end":{"line":11,"column":51}},"9":{"start":{"line":16,"column":21},"end":{"line":16,"column":42}},"10":{"start":{"line":17,"column":4},"end":{"line":17,"column":56}},"11":{"start":{"line":10,"column":13},"end":{"line":19,"column":null}},"12":{"start":{"line":10,"column":13},"end":{"line":10,"column":28}}},"fnMap":{"0":{"name":"(anonymous_9)","decl":{"start":{"line":11,"column":2},"end":{"line":11,"column":31}},"loc":{"start":{"line":11,"column":69},"end":{"line":13,"column":3}}},"1":{"name":"(anonymous_10)","decl":{"start":{"line":14,"column":8},"end":{"line":14,"column":14}},"loc":{"start":{"line":14,"column":38},"end":{"line":18,"column":null}}}},"branchMap":{},"s":{"0":1,"1":1,"2":1,"3":1,"4":1,"5":1,"6":1,"7":1,"8":1,"9":1,"10":1,"11":1,"12":1},"f":{"0":1,"1":1},"b":{}}
,"/Users/serg/Documents/DevOps/Devops-p3-starter/backend/src/modules/domain/employees/commands/handlers/employee-deactivator.handler.ts": {"path":"/Users/serg/Documents/DevOps/Devops-p3-starter/backend/src/modules/domain/employees/commands/handlers/employee-deactivator.handler.ts","statementMap":{"0":{"start":{"line":1,"column":0},"end":{"line":1,"column":68}},"1":{"start":{"line":2,"column":0},"end":{"line":2,"column":65}},"2":{"start":{"line":3,"column":0},"end":{"line":3,"column":46}},"3":{"start":{"line":4,"column":0},"end":{"line":4,"column":44}},"4":{"start":{"line":5,"column":0},"end":{"line":5,"column":77}},"5":{"start":{"line":9,"column":0},"end":{"line":21,"column":null}},"6":{"start":{"line":11,"column":4},"end":{"line":11,"column":12}},"7":{"start":{"line":10,"column":31},"end":{"line":10,"column":51}},"8":{"start":{"line":15,"column":37},"end":{"line":15,"column":44}},"9":{"start":{"line":16,"column":21},"end":{"line":16,"column":71}},"10":{"start":{"line":17,"column":4},"end":{"line":17,"column":33}},"11":{"start":{"line":19,"column":4},"end":{"line":19,"column":49}},"12":{"start":{"line":9,"column":13},"end":{"line":21,"column":null}},"13":{"start":{"line":9,"column":13},"end":{"line":9,"column":32}}},"fnMap":{"0":{"name":"(anonymous_9)","decl":{"start":{"line":10,"column":2},"end":{"line":10,"column":31}},"loc":{"start":{"line":10,"column":69},"end":{"line":12,"column":3}}},"1":{"name":"(anonymous_10)","decl":{"start":{"line":14,"column":8},"end":{"line":14,"column":14}},"loc":{"start":{"line":14,"column":42},"end":{"line":20,"column":null}}}},"branchMap":{},"s":{"0":1,"1":1,"2":1,"3":1,"4":1,"5":1,"6":1,"7":1,"8":1,"9":1,"10":1,"11":1,"12":1,"13":1},"f":{"0":1,"1":1},"b":{}}
,"/Users/serg/Documents/DevOps/Devops-p3-starter/backend/src/modules/domain/employees/commands/handlers/employee-display-name-updater.handler.ts": {"path":"/Users/serg/Documents/DevOps/Devops-p3-starter/backend/src/modules/domain/employees/commands/handlers/employee-display-name-updater.handler.ts","statementMap":{"0":{"start":{"line":1,"column":0},"end":{"line":1,"column":65}},"1":{"start":{"line":2,"column":0},"end":{"line":2,"column":84}},"2":{"start":{"line":3,"column":0},"end":{"line":3,"column":46}},"3":{"start":{"line":4,"column":0},"end":{"line":4,"column":44}},"4":{"start":{"line":5,"column":0},"end":{"line":5,"column":77}},"5":{"start":{"line":9,"column":0},"end":{"line":25,"column":null}},"6":{"start":{"line":11,"column":4},"end":{"line":11,"column":12}},"7":{"start":{"line":10,"column":31},"end":{"line":10,"column":51}},"8":{"start":{"line":17,"column":8},"end":{"line":17,"column":15}},"9":{"start":{"line":19,"column":21},"end":{"line":19,"column":71}},"10":{"start":{"line":21,"column":4},"end":{"line":21,"column":39}},"11":{"start":{"line":23,"column":4},"end":{"line":23,"column":49}},"12":{"start":{"line":9,"column":13},"end":{"line":25,"column":null}},"13":{"start":{"line":9,"column":13},"end":{"line":9,"column":39}}},"fnMap":{"0":{"name":"(anonymous_9)","decl":{"start":{"line":10,"column":2},"end":{"line":10,"column":31}},"loc":{"start":{"line":10,"column":69},"end":{"line":12,"column":3}}},"1":{"name":"(anonymous_10)","decl":{"start":{"line":13,"column":8},"end":{"line":13,"column":14}},"loc":{"start":{"line":13,"column":49},"end":{"line":24,"column":null}}}},"branchMap":{},"s":{"0":1,"1":1,"2":1,"3":1,"4":1,"5":1,"6":1,"7":1,"8":1,"9":1,"10":1,"11":1,"12":1,"13":1},"f":{"0":1,"1":1},"b":{}}
,"/Users/serg/Documents/DevOps/Devops-p3-starter/backend/src/modules/domain/employees/commands/handlers/employee-effective-date-updater.handler.ts": {"path":"/Users/serg/Documents/DevOps/Devops-p3-starter/backend/src/modules/domain/employees/commands/handlers/employee-effective-date-updater.handler.ts","statementMap":{"0":{"start":{"line":1,"column":0},"end":{"line":1,"column":42}},"1":{"start":{"line":2,"column":0},"end":{"line":2,"column":65}},"2":{"start":{"line":3,"column":0},"end":{"line":3,"column":88}},"3":{"start":{"line":4,"column":0},"end":{"line":4,"column":46}},"4":{"start":{"line":5,"column":0},"end":{"line":5,"column":44}},"5":{"start":{"line":6,"column":0},"end":{"line":6,"column":77}},"6":{"start":{"line":10,"column":0},"end":{"line":28,"column":null}},"7":{"start":{"line":12,"column":4},"end":{"line":12,"column":12}},"8":{"start":{"line":11,"column":31},"end":{"line":11,"column":51}},"9":{"start":{"line":18,"column":8},"end":{"line":18,"column":15}},"10":{"start":{"line":20,"column":21},"end":{"line":20,"column":71}},"11":{"start":{"line":22,"column":4},"end":{"line":24,"column":14}},"12":{"start":{"line":26,"column":4},"end":{"line":26,"column":49}},"13":{"start":{"line":10,"column":13},"end":{"line":28,"column":null}},"14":{"start":{"line":10,"column":13},"end":{"line":10,"column":41}}},"fnMap":{"0":{"name":"(anonymous_9)","decl":{"start":{"line":11,"column":2},"end":{"line":11,"column":31}},"loc":{"start":{"line":11,"column":69},"end":{"line":13,"column":3}}},"1":{"name":"(anonymous_10)","decl":{"start":{"line":14,"column":8},"end":{"line":14,"column":14}},"loc":{"start":{"line":14,"column":51},"end":{"line":27,"column":null}}}},"branchMap":{},"s":{"0":1,"1":1,"2":1,"3":1,"4":1,"5":1,"6":1,"7":1,"8":1,"9":1,"10":1,"11":1,"12":1,"13":1,"14":1},"f":{"0":1,"1":1},"b":{}}
,"/Users/serg/Documents/DevOps/Devops-p3-starter/backend/src/modules/domain/employees/commands/handlers/employee-name-updater.handler.ts": {"path":"/Users/serg/Documents/DevOps/Devops-p3-starter/backend/src/modules/domain/employees/commands/handlers/employee-name-updater.handler.ts","statementMap":{"0":{"start":{"line":2,"column":0},"end":{"line":2,"column":65}},"1":{"start":{"line":3,"column":0},"end":{"line":3,"column":69}},"2":{"start":{"line":4,"column":0},"end":{"line":4,"column":46}},"3":{"start":{"line":5,"column":0},"end":{"line":5,"column":44}},"4":{"start":{"line":6,"column":0},"end":{"line":6,"column":77}},"5":{"start":{"line":11,"column":0},"end":{"line":33,"column":null}},"6":{"start":{"line":13,"column":4},"end":{"line":13,"column":12}},"7":{"start":{"line":12,"column":31},"end":{"line":12,"column":51}},"8":{"start":{"line":22,"column":8},"end":{"line":22,"column":15}},"9":{"start":{"line":24,"column":21},"end":{"line":24,"column":71}},"10":{"start":{"line":26,"column":4},"end":{"line":26,"column":35}},"11":{"start":{"line":27,"column":4},"end":{"line":27,"column":37}},"12":{"start":{"line":28,"column":4},"end":{"line":28,"column":33}},"13":{"start":{"line":29,"column":4},"end":{"line":29,"column":45}},"14":{"start":{"line":31,"column":4},"end":{"line":31,"column":49}},"15":{"start":{"line":11,"column":13},"end":{"line":33,"column":null}},"16":{"start":{"line":11,"column":13},"end":{"line":11,"column":32}}},"fnMap":{"0":{"name":"(anonymous_9)","decl":{"start":{"line":12,"column":2},"end":{"line":12,"column":31}},"loc":{"start":{"line":12,"column":69},"end":{"line":14,"column":3}}},"1":{"name":"(anonymous_10)","decl":{"start":{"line":15,"column":8},"end":{"line":15,"column":14}},"loc":{"start":{"line":15,"column":42},"end":{"line":32,"column":null}}}},"branchMap":{},"s":{"0":1,"1":1,"2":1,"3":1,"4":1,"5":1,"6":1,"7":1,"8":1,"9":1,"10":1,"11":1,"12":1,"13":1,"14":1,"15":1,"16":1},"f":{"0":1,"1":1},"b":{}}
,"/Users/serg/Documents/DevOps/Devops-p3-starter/backend/src/modules/domain/employees/commands/handlers/employee-personal-email-updater.handler.ts": {"path":"/Users/serg/Documents/DevOps/Devops-p3-starter/backend/src/modules/domain/employees/commands/handlers/employee-personal-email-updater.handler.ts","statementMap":{"0":{"start":{"line":1,"column":0},"end":{"line":1,"column":65}},"1":{"start":{"line":2,"column":0},"end":{"line":2,"column":88}},"2":{"start":{"line":3,"column":0},"end":{"line":3,"column":46}},"3":{"start":{"line":4,"column":0},"end":{"line":4,"column":44}},"4":{"start":{"line":5,"column":0},"end":{"line":5,"column":77}},"5":{"start":{"line":9,"column":0},"end":{"line":25,"column":null}},"6":{"start":{"line":11,"column":4},"end":{"line":11,"column":12}},"7":{"start":{"line":10,"column":31},"end":{"line":10,"column":51}},"8":{"start":{"line":17,"column":8},"end":{"line":17,"column":15}},"9":{"start":{"line":19,"column":21},"end":{"line":19,"column":71}},"10":{"start":{"line":21,"column":4},"end":{"line":21,"column":43}},"11":{"start":{"line":23,"column":4},"end":{"line":23,"column":49}},"12":{"start":{"line":9,"column":13},"end":{"line":25,"column":null}},"13":{"start":{"line":9,"column":13},"end":{"line":9,"column":41}}},"fnMap":{"0":{"name":"(anonymous_9)","decl":{"start":{"line":10,"column":2},"end":{"line":10,"column":31}},"loc":{"start":{"line":10,"column":69},"end":{"line":12,"column":3}}},"1":{"name":"(anonymous_10)","decl":{"start":{"line":13,"column":8},"end":{"line":13,"column":14}},"loc":{"start":{"line":13,"column":51},"end":{"line":24,"column":null}}}},"branchMap":{},"s":{"0":1,"1":1,"2":1,"3":1,"4":1,"5":1,"6":1,"7":1,"8":1,"9":1,"10":1,"11":1,"12":1,"13":1},"f":{"0":1,"1":1},"b":{}}
[...]
,"/Users/serg/Documents/DevOps/Devops-p3-starter/backend/src/modules/domain/orders/commands/createOrder.ts": {"path":"/Users/serg/Documents/DevOps/Devops-p3-starter/backend/src/modules/domain/orders/commands/createOrder.ts","statementMap":{"0":{"start":{"line":8,"column":4},"end":{"line":8,"column":31}},"1":{"start":{"line":9,"column":4},"end":{"line":9,"column":43}},"2":{"start":{"line":10,"column":4},"end":{"line":10,"column":25}},"3":{"start":{"line":3,"column":0},"end":{"line":3,"column":13}}},"fnMap":{"0":{"name":"(anonymous_0)","decl":{"start":{"line":7,"column":2},"end":{"line":7,"column":14}},"loc":{"start":{"line":7,"column":72},"end":{"line":11,"column":3}}}},"branchMap":{},"s":{"0":5,"1":5,"2":5,"3":4},"f":{"0":5},"b":{}}
,"/Users/serg/Documents/DevOps/Devops-p3-starter/backend/src/modules/domain/orders/commands/handlers/index.ts": {"path":"/Users/serg/Documents/DevOps/Devops-p3-starter/backend/src/modules/domain/orders/commands/handlers/index.ts","statementMap":{"0":{"start":{"line":1,"column":0},"end":{"line":1,"column":46}},"1":{"start":{"line":3,"column":13},"end":{"line":3,"column":46}}},"fnMap":{},"branchMap":{},"s":{"0":0,"1":0},"f":{},"b":{}}
,"/Users/serg/Documents/DevOps/Devops-p3-starter/backend/src/modules/domain/orders/commands/handlers/orderCreator.ts": {"path":"/Users/serg/Documents/DevOps/Devops-p3-starter/backend/src/modules/domain/orders/commands/handlers/orderCreator.ts","statementMap":{"0":{"start":{"line":1,"column":0},"end":{"line":1,"column":45}},"1":{"start":{"line":2,"column":0},"end":{"line":2,"column":65}},"2":{"start":{"line":3,"column":0},"end":{"line":3,"column":69}},"3":{"start":{"line":4,"column":0},"end":{"line":4,"column":73}},"4":{"start":{"line":5,"column":0},"end":{"line":5,"column":52}},"5":{"start":{"line":6,"column":0},"end":{"line":6,"column":46}},"6":{"start":{"line":7,"column":0},"end":{"line":7,"column":44}},"7":{"start":{"line":8,"column":0},"end":{"line":8,"column":34}},"8":{"start":{"line":12,"column":0},"end":{"line":30,"column":null}},"9":{"start":{"line":17,"column":4},"end":{"line":17,"column":12}},"10":{"start":{"line":14,"column":21},"end":{"line":14,"column":38}},"11":{"start":{"line":15,"column":21},"end":{"line":15,"column":40}},"12":{"start":{"line":21,"column":18},"end":{"line":21,"column":43}},"13":{"start":{"line":22,"column":4},"end":{"line":22,"column":43}},"14":{"start":{"line":24,"column":20},"end":{"line":24,"column":76}},"15":{"start":{"line":26,"column":4},"end":{"line":26,"column":30}},"16":{"start":{"line":28,"column":4},"end":{"line":28,"column":43}},"17":{"start":{"line":12,"column":13},"end":{"line":30,"column":null}},"18":{"start":{"line":12,"column":13},"end":{"line":12,"column":25}}},"fnMap":{"0":{"name":"(anonymous_9)","decl":{"start":{"line":13,"column":2},"end":{"line":13,"column":null}},"loc":{"start":{"line":15,"column":57},"end":{"line":18,"column":3}}},"1":{"name":"(anonymous_10)","decl":{"start":{"line":20,"column":8},"end":{"line":20,"column":14}},"loc":{"start":{"line":20,"column":35},"end":{"line":29,"column":null}}}},"branchMap":{},"s":{"0":1,"1":1,"2":1,"3":1,"4":1,"5":1,"6":1,"7":1,"8":1,"9":1,"10":1,"11":1,"12":1,"13":1,"14":1,"15":1,"16":1,"17":1,"18":1},"f":{"0":1,"1":1},"b":{}}
,"/Users/serg/Documents/DevOps/Devops-p3-starter/backend/src/modules/domain/orders/commands/validators/index.ts": {"path":"/Users/serg/Documents/DevOps/Devops-p3-starter/backend/src/modules/domain/orders/commands/validators/index.ts","statementMap":{"0":{"start":{"line":1,"column":0},"end":{"line":1,"column":95}},"1":{"start":{"line":2,"column":0},"end":{"line":2,"column":71}},"2":{"start":{"line":3,"column":0},"end":{"line":3,"column":77}},"3":{"start":{"line":5,"column":13},"end":{"line":9,"column":2}}},"fnMap":{},"branchMap":{},"s":{"0":0,"1":0,"2":0,"3":0},"f":{},"b":{}}
,"/Users/serg/Documents/DevOps/Devops-p3-starter/backend/src/modules/domain/orders/commands/validators/forCreateOrder/checkProductExist.ts": {"path":"/Users/serg/Documents/DevOps/Devops-p3-starter/backend/src/modules/domain/orders/commands/validators/forCreateOrder/checkProductExist.ts","statementMap":{"0":{"start":{"line":6,"column":0},"end":{"line":6,"column":76}},"1":{"start":{"line":7,"column":0},"end":{"line":7,"column":44}},"2":{"start":{"line":10,"column":0},"end":{"line":36,"column":null}},"3":{"start":{"line":11,"column":31},"end":{"line":11,"column":50}},"4":{"start":{"line":14,"column":24},"end":{"line":16,"column":12}},"5":{"start":{"line":18,"column":4},"end":{"line":23,"column":null}},"6":{"start":{"line":19,"column":6},"end":{"line":22,"column":8}},"7":{"start":{"line":24,"column":4},"end":{"line":34,"column":6}},"8":{"start":{"line":10,"column":13},"end":{"line":36,"column":null}},"9":{"start":{"line":10,"column":13},"end":{"line":10,"column":30}}},"fnMap":{"0":{"name":"(anonymous_9)","decl":{"start":{"line":11,"column":2},"end":{"line":11,"column":31}},"loc":{"start":{"line":11,"column":67},"end":{"line":11,"column":71}}},"1":{"name":"(anonymous_10)","decl":{"start":{"line":13,"column":8},"end":{"line":13,"column":16}},"loc":{"start":{"line":13,"column":37},"end":{"line":35,"column":null}}}},"branchMap":{"0":{"loc":{"start":{"line":18,"column":4},"end":{"line":23,"column":null}},"type":"if","locations":[{"start":{"line":18,"column":4},"end":{"line":23,"column":null}},{"start":{"line":18,"column":4},"end":{"line":23,"column":null}}]}},"s":{"0":1,"1":1,"2":1,"3":1,"4":1,"5":1,"6":0,"7":1,"8":1,"9":1},"f":{"0":1,"1":1},"b":{"0":[0,1]}}
,"/Users/serg/Documents/DevOps/Devops-p3-starter/backend/src/modules/domain/orders/commands/validators/forCreateOrder/checkPropertiesValue.ts": {"path":"/Users/serg/Documents/DevOps/Devops-p3-starter/backend/src/modules/domain/orders/commands/validators/forCreateOrder/checkPropertiesValue.ts","statementMap":{"0":{"start":{"line":1,"column":0},"end":{"line":1,"column":80}},"1":{"start":{"line":3,"column":0},"end":{"line":3,"column":33}},"2":{"start":{"line":7,"column":4},"end":{"line":17,"column":7}},"3":{"start":{"line":5,"column":0},"end":{"line":5,"column":13}}},"fnMap":{"0":{"name":"(anonymous_0)","decl":{"start":{"line":6,"column":2},"end":{"line":6,"column":11}},"loc":{"start":{"line":6,"column":32},"end":{"line":18,"column":3}}}},"branchMap":{},"s":{"0":1,"1":1,"2":2,"3":1},"f":{"0":2},"b":{}}
,"/Users/serg/Documents/DevOps/Devops-p3-starter/backend/src/modules/domain/orders/commands/validators/forCreateOrder/createOrderCompositeValidator.ts": {"path":"/Users/serg/Documents/DevOps/Devops-p3-starter/backend/src/modules/domain/orders/commands/validators/forCreateOrder/createOrderCompositeValidator.ts","statementMap":{"0":{"start":{"line":1,"column":0},"end":{"line":1,"column":77}},"1":{"start":{"line":2,"column":0},"end":{"line":2,"column":48}},"2":{"start":{"line":3,"column":0},"end":{"line":3,"column":98}},"3":{"start":{"line":4,"column":0},"end":{"line":4,"column":62}},"4":{"start":{"line":5,"column":0},"end":{"line":5,"column":56}},"5":{"start":{"line":8,"column":0},"end":{"line":17,"column":null}},"6":{"start":{"line":15,"column":4},"end":{"line":15,"column":44}},"7":{"start":{"line":8,"column":13},"end":{"line":17,"column":null}},"8":{"start":{"line":8,"column":13},"end":{"line":8,"column":42}}},"fnMap":{"0":{"name":"(anonymous_2)","decl":{"start":{"line":11,"column":2},"end":{"line":11,"column":null}},"loc":{"start":{"line":13,"column":39},"end":{"line":16,"column":3}}}},"branchMap":{},"s":{"0":0,"1":0,"2":0,"3":0,"4":0,"5":0,"6":0,"7":0,"8":0},"f":{"0":0},"b":{}}
,"/Users/serg/Documents/DevOps/Devops-p3-starter/backend/src/modules/domain/orders/entities/order.entity.ts": {"path":"/Users/serg/Documents/DevOps/Devops-p3-starter/backend/src/modules/domain/orders/entities/order.entity.ts","statementMap":{"0":{"start":{"line":1,"column":0},"end":{"line":1,"column":43}},"1":{"start":{"line":2,"column":0},"end":{"line":2,"column":null}},"2":{"start":{"line":11,"column":0},"end":{"line":11,"column":57}},"3":{"start":{"line":12,"column":0},"end":{"line":12,"column":68}},"4":{"start":{"line":15,"column":0},"end":{"line":42,"column":null}},"5":{"start":{"line":17,"column":4},"end":{"line":17,"column":12}},"6":{"start":{"line":19,"column":29},"end":{"line":19,"column":35}},"7":{"start":{"line":21,"column":4},"end":{"line":21,"column":17}},"8":{"start":{"line":22,"column":4},"end":{"line":22,"column":29}},"9":{"start":{"line":33,"column":4},"end":{"line":33,"column":43}},"10":{"start":{"line":33,"column":24},"end":{"line":33,"column":43}},"11":{"start":{"line":34,"column":4},"end":{"line":34,"column":32}},"12":{"start":{"line":36,"column":4},"end":{"line":36,"column":61}},"13":{"start":{"line":40,"column":4},"end":{"line":40,"column":25}},"14":{"start":{"line":26,"column":2},"end":{"line":26,"column":null}},"15":{"start":{"line":30,"column":2},"end":{"line":30,"column":null}},"16":{"start":{"line":28,"column":22},"end":{"line":28,"column":29}},"17":{"start":{"line":15,"column":13},"end":{"line":42,"column":null}},"18":{"start":{"line":15,"column":13},"end":{"line":15,"column":18}}},"fnMap":{"0":{"name":"(anonymous_2)","decl":{"start":{"line":16,"column":2},"end":{"line":16,"column":14}},"loc":{"start":{"line":16,"column":72},"end":{"line":23,"column":3}}},"1":{"name":"(anonymous_3)","decl":{"start":{"line":32,"column":2},"end":{"line":32,"column":12}},"loc":{"start":{"line":32,"column":29},"end":{"line":37,"column":3}}},"2":{"name":"(anonymous_4)","decl":{"start":{"line":39,"column":2},"end":{"line":39,"column":13}},"loc":{"start":{"line":39,"column":13},"end":{"line":41,"column":3}}},"3":{"name":"(anonymous_5)","decl":{"start":{"line":28,"column":14},"end":{"line":28,"column":18}},"loc":{"start":{"line":28,"column":22},"end":{"line":28,"column":29}}}},"branchMap":{"0":{"loc":{"start":{"line":16,"column":61},"end":{"line":16,"column":72}},"type":"default-arg","locations":[{"start":{"line":16,"column":61},"end":{"line":16,"column":72}}]},"1":{"loc":{"start":{"line":33,"column":4},"end":{"line":33,"column":43}},"type":"if","locations":[{"start":{"line":33,"column":4},"end":{"line":33,"column":43}},{"start":{"line":33,"column":4},"end":{"line":33,"column":43}}]}},"s":{"0":4,"1":4,"2":4,"3":4,"4":4,"5":2,"6":2,"7":2,"8":2,"9":2,"10":2,"11":2,"12":2,"13":1,"14":4,"15":4,"16":0,"17":4,"18":4},"f":{"0":2,"1":2,"2":1,"3":0},"b":{"0":[1],"1":[2,0]}}
,"/Users/serg/Documents/DevOps/Devops-p3-starter/backend/src/modules/domain/orders/entities/product.entity.ts": {"path":"/Users/serg/Documents/DevOps/Devops-p3-starter/backend/src/modules/domain/orders/entities/product.entity.ts","statementMap":{"0":{"start":{"line":1,"column":0},"end":{"line":1,"column":77}},"1":{"start":{"line":2,"column":0},"end":{"line":2,"column":39}},"2":{"start":{"line":3,"column":0},"end":{"line":3,"column":57}},"3":{"start":{"line":6,"column":0},"end":{"line":15,"column":null}},"4":{"start":{"line":8,"column":2},"end":{"line":8,"column":null}},"5":{"start":{"line":11,"column":2},"end":{"line":11,"column":null}},"6":{"start":{"line":14,"column":2},"end":{"line":14,"column":null}},"7":{"start":{"line":13,"column":22},"end":{"line":13,"column":27}},"8":{"start":{"line":6,"column":13},"end":{"line":15,"column":null}},"9":{"start":{"line":6,"column":13},"end":{"line":6,"column":20}}},"fnMap":{"0":{"name":"(anonymous_2)","decl":{"start":{"line":13,"column":14},"end":{"line":13,"column":18}},"loc":{"start":{"line":13,"column":22},"end":{"line":13,"column":27}}}},"branchMap":{},"s":{"0":4,"1":4,"2":4,"3":4,"4":4,"5":4,"6":4,"7":0,"8":4,"9":4},"f":{"0":0},"b":{}}
,"/Users/serg/Documents/DevOps/Devops-p3-starter/backend/src/modules/domain/orders/events/ProductAddedToOrder.ts": {"path":"/Users/serg/Documents/DevOps/Devops-p3-starter/backend/src/modules/domain/orders/events/ProductAddedToOrder.ts","statementMap":{"0":{"start":{"line":7,"column":4},"end":{"line":7,"column":27}},"1":{"start":{"line":8,"column":4},"end":{"line":8,"column":31}},"2":{"start":{"line":3,"column":0},"end":{"line":3,"column":13}}},"fnMap":{"0":{"name":"(anonymous_0)","decl":{"start":{"line":6,"column":2},"end":{"line":6,"column":14}},"loc":{"start":{"line":6,"column":48},"end":{"line":9,"column":3}}}},"branchMap":{},"s":{"0":3,"1":3,"2":4},"f":{"0":3},"b":{}}
,"/Users/serg/Documents/DevOps/Devops-p3-starter/backend/src/modules/domain/orders/events/handlers/index.ts": {"path":"/Users/serg/Documents/DevOps/Devops-p3-starter/backend/src/modules/domain/orders/events/handlers/index.ts","statementMap":{"0":{"start":{"line":1,"column":0},"end":{"line":1,"column":87}},"1":{"start":{"line":3,"column":13},"end":{"line":3,"column":62}}},"fnMap":{},"branchMap":{},"s":{"0":0,"1":0},"f":{},"b":{}}
,"/Users/serg/Documents/DevOps/Devops-p3-starter/backend/src/modules/domain/orders/events/handlers/notify-product-add-to-order-console.ts": {"path":"/Users/serg/Documents/DevOps/Devops-p3-starter/backend/src/modules/domain/orders/events/handlers/notify-product-add-to-order-console.ts","statementMap":{"0":{"start":{"line":2,"column":0},"end":{"line":2,"column":61}},"1":{"start":{"line":3,"column":0},"end":{"line":3,"column":45}},"2":{"start":{"line":6,"column":0},"end":{"line":11,"column":null}},"3":{"start":{"line":9,"column":4},"end":{"line":9,"column":33}},"4":{"start":{"line":6,"column":13},"end":{"line":11,"column":null}},"5":{"start":{"line":6,"column":13},"end":{"line":6,"column":43}}},"fnMap":{"0":{"name":"(anonymous_1)","decl":{"start":{"line":8,"column":2},"end":{"line":8,"column":8}},"loc":{"start":{"line":8,"column":35},"end":{"line":10,"column":3}}}},"branchMap":{},"s":{"0":0,"1":0,"2":0,"3":0,"4":0,"5":0},"f":{"0":0},"b":{}}
,"/Users/serg/Documents/DevOps/Devops-p3-starter/backend/src/modules/domain/orders/repositories/orderRepository.ts": {"path":"/Users/serg/Documents/DevOps/Devops-p3-starter/backend/src/modules/domain/orders/repositories/orderRepository.ts","statementMap":{"0":{"start":{"line":1,"column":0},"end":{"line":1,"column":58}},"1":{"start":{"line":2,"column":0},"end":{"line":2,"column":49}},"2":{"start":{"line":3,"column":0},"end":{"line":3,"column":40}},"3":{"start":{"line":4,"column":0},"end":{"line":4,"column":54}},"4":{"start":{"line":5,"column":0},"end":{"line":5,"column":61}},"5":{"start":{"line":6,"column":0},"end":{"line":6,"column":44}},"6":{"start":{"line":9,"column":0},"end":{"line":17,"column":null}},"7":{"start":{"line":15,"column":4},"end":{"line":15,"column":57}},"8":{"start":{"line":9,"column":13},"end":{"line":17,"column":null}},"9":{"start":{"line":9,"column":13},"end":{"line":9,"column":28}}},"fnMap":{"0":{"name":"(anonymous_4)","decl":{"start":{"line":10,"column":2},"end":{"line":10,"column":null}},"loc":{"start":{"line":13,"column":40},"end":{"line":16,"column":3}}}},"branchMap":{},"s":{"0":2,"1":2,"2":2,"3":2,"4":2,"5":2,"6":2,"7":0,"8":2,"9":2},"f":{"0":0},"b":{}}
,"/Users/serg/Documents/DevOps/Devops-p3-starter/backend/src/modules/domain/orders/repositories/productRepository.ts": {"path":"/Users/serg/Documents/DevOps/Devops-p3-starter/backend/src/modules/domain/orders/repositories/productRepository.ts","statementMap":{"0":{"start":{"line":1,"column":0},"end":{"line":1,"column":58}},"1":{"start":{"line":2,"column":0},"end":{"line":2,"column":53}},"2":{"start":{"line":3,"column":0},"end":{"line":3,"column":61}},"3":{"start":{"line":4,"column":0},"end":{"line":4,"column":72}},"4":{"start":{"line":6,"column":0},"end":{"line":6,"column":52}},"5":{"start":{"line":7,"column":0},"end":{"line":7,"column":44}},"6":{"start":{"line":10,"column":0},"end":{"line":18,"column":null}},"7":{"start":{"line":16,"column":4},"end":{"line":16,"column":59}},"8":{"start":{"line":10,"column":13},"end":{"line":18,"column":null}},"9":{"start":{"line":10,"column":13},"end":{"line":10,"column":30}}},"fnMap":{"0":{"name":"(anonymous_4)","decl":{"start":{"line":11,"column":2},"end":{"line":11,"column":null}},"loc":{"start":{"line":14,"column":40},"end":{"line":17,"column":3}}}},"branchMap":{},"s":{"0":2,"1":2,"2":2,"3":2,"4":2,"5":2,"6":2,"7":0,"8":2,"9":2},"f":{"0":0},"b":{}}
,"/Users/serg/Documents/DevOps/Devops-p3-starter/backend/src/modules/errors/error.filter.ts": {"path":"/Users/serg/Documents/DevOps/Devops-p3-starter/backend/src/modules/errors/error.filter.ts","statementMap":{"0":{"start":{"line":1,"column":0},"end":{"line":1,"column":null}},"1":{"start":{"line":10,"column":0},"end":{"line":26,"column":null}},"2":{"start":{"line":12,"column":21},"end":{"line":12,"column":54}},"3":{"start":{"line":14,"column":6},"end":{"line":16,"column":42}},"4":{"start":{"line":18,"column":4},"end":{"line":24,"column":6}},"5":{"start":{"line":10,"column":13},"end":{"line":26,"column":null}},"6":{"start":{"line":10,"column":13},"end":{"line":10,"column":24}}},"fnMap":{"0":{"name":"(anonymous_1)","decl":{"start":{"line":11,"column":2},"end":{"line":11,"column":7}},"loc":{"start":{"line":11,"column":41},"end":{"line":25,"column":3}}}},"branchMap":{"0":{"loc":{"start":{"line":15,"column":10},"end":{"line":15,"column":27}},"type":"cond-expr","locations":[{"start":{"line":15,"column":10},"end":{"line":15,"column":27}},{"start":{"line":16,"column":10},"end":{"line":16,"column":42}}]}},"s":{"0":0,"1":0,"2":0,"3":0,"4":0,"5":0,"6":0},"f":{"0":0},"b":{"0":[0,0]}}
,"/Users/serg/Documents/DevOps/Devops-p3-starter/backend/src/modules/status/status.controller.ts": {"path":"/Users/serg/Documents/DevOps/Devops-p3-starter/backend/src/modules/status/status.controller.ts","statementMap":{"0":{"start":{"line":1,"column":0},"end":{"line":1,"column":49}},"1":{"start":{"line":2,"column":0},"end":{"line":2,"column":57}},"2":{"start":{"line":5,"column":0},"end":{"line":19,"column":null}},"3":{"start":{"line":6,"column":31},"end":{"line":6,"column":46}},"4":{"start":{"line":10,"column":20},"end":{"line":10,"column":52}},"5":{"start":{"line":11,"column":24},"end":{"line":11,"column":60}},"6":{"start":{"line":13,"column":4},"end":{"line":17,"column":6}},"7":{"start":{"line":9,"column":2},"end":{"line":18,"column":null}},"8":{"start":{"line":5,"column":13},"end":{"line":19,"column":null}},"9":{"start":{"line":5,"column":13},"end":{"line":5,"column":29}}},"fnMap":{"0":{"name":"(anonymous_2)","decl":{"start":{"line":6,"column":2},"end":{"line":6,"column":31}},"loc":{"start":{"line":6,"column":59},"end":{"line":6,"column":63}}},"1":{"name":"(anonymous_3)","decl":{"start":{"line":9,"column":2},"end":{"line":9,"column":8}},"loc":{"start":{"line":9,"column":8},"end":{"line":18,"column":3}}}},"branchMap":{},"s":{"0":1,"1":1,"2":1,"3":1,"4":1,"5":1,"6":1,"7":1,"8":1,"9":1},"f":{"0":1,"1":1},"b":{}}
,"/Users/serg/Documents/DevOps/Devops-p3-starter/backend/src/modules/status/status.module.ts": {"path":"/Users/serg/Documents/DevOps/Devops-p3-starter/backend/src/modules/status/status.module.ts","statementMap":{"0":{"start":{"line":1,"column":0},"end":{"line":1,"column":40}},"1":{"start":{"line":4,"column":0},"end":{"line":4,"column":null}},"2":{"start":{"line":4,"column":13},"end":{"line":4,"column":null}},"3":{"start":{"line":4,"column":13},"end":{"line":4,"column":25}}},"fnMap":{},"branchMap":{},"s":{"0":0,"1":0,"2":0,"3":0},"f":{},"b":{}}
}
