TN:
SF:/Users/serg/Documents/DevOps/Devops-p3-starter/backend/src/modules/common/common.module.ts
FN:13,(anonymous_2)
FN:15,(anonymous_3)
FNF:2
FNH:0
FNDA:0,(anonymous_2)
FNDA:0,(anonymous_3)
DA:1,0
DA:2,0
DA:3,0
DA:4,0
DA:5,0
DA:12,0
LF:6
LH:0
BRF:0
BRH:0
end_of_record
TN:
SF:/Users/serg/Documents/DevOps/Devops-p3-starter/backend/src/modules/common/index.ts
FNF:0
FNH:0
DA:1,0
DA:2,0
DA:3,0
DA:4,0
LF:4
LH:0
BRF:0
BRH:0
end_of_record
TN:
SF:/Users/serg/Documents/DevOps/Devops-p3-starter/backend/src/modules/common/commands/baseCommandHandler.ts
FN:6,(anonymous_0)
FNF:1
FNH:0
FNDA:0,(anonymous_0)
DA:4,18
DA:7,0
LF:2
LH:1
BRF:0
BRH:0
end_of_record
TN:
SF:/Users/serg/Documents/DevOps/Devops-p3-starter/backend/src/modules/common/commands/constants.ts
FNF:0
FNH:0
DA:1,31
LF:1
LH:1
BRF:0
BRH:0
end_of_record
TN:
SF:/Users/serg/Documents/DevOps/Devops-p3-starter/backend/src/modules/common/commands/index.ts
FNF:0
FNH:0
DA:1,18
DA:6,18
DA:7,18
DA:8,18
DA:9,18
LF:5
LH:5
BRF:0
BRH:0
end_of_record
TN:
SF:/Users/serg/Documents/DevOps/Devops-p3-starter/backend/src/modules/common/commands/syncCommandDispatcher.ts
FN:24,(anonymous_9)
FN:26,(anonymous_10)
FN:27,(anonymous_11)
FN:30,(anonymous_12)
FN:34,(anonymous_13)
FN:46,(anonymous_15)
FN:59,(anonymous_16)
FN:66,(anonymous_17)
FN:71,(anonymous_18)
FNF:9
FNH:0
FNDA:0,(anonymous_9)
FNDA:0,(anonymous_10)
FNDA:0,(anonymous_11)
FNDA:0,(anonymous_12)
FNDA:0,(anonymous_13)
FNDA:0,(anonymous_15)
FNDA:0,(anonymous_16)
FNDA:0,(anonymous_17)
FNDA:0,(anonymous_18)
DA:1,18
DA:4,18
DA:5,18
DA:11,18
DA:17,18
DA:18,0
DA:22,0
DA:24,0
DA:27,0
DA:31,0
DA:35,0
DA:36,0
DA:37,0
DA:39,0
DA:40,0
DA:41,0
DA:43,0
DA:47,0
DA:48,0
DA:50,0
DA:51,0
DA:53,0
DA:54,0
DA:55,0
DA:63,0
DA:67,0
DA:68,0
DA:74,0
LF:28
LH:5
BRDA:36,0,0,0
BRDA:36,0,1,0
BRDA:40,1,0,0
BRDA:40,1,1,0
BRDA:47,2,0,0
BRDA:47,2,1,0
BRDA:51,3,0,0
BRDA:51,3,1,0
BRDA:54,4,0,0
BRDA:54,4,1,0
BRF:10
BRH:0
end_of_record
TN:
SF:/Users/serg/Documents/DevOps/Devops-p3-starter/backend/src/modules/common/commands/validation/CompositeValidator.ts
FN:6,(anonymous_7)
FN:8,(anonymous_8)
FN:18,(anonymous_10)
FNF:3
FNH:3
FNDA:2,(anonymous_7)
FNDA:2,(anonymous_8)
FNDA:2,(anonymous_10)
DA:4,1
DA:6,2
DA:9,2
DA:10,2
DA:11,4
DA:12,4
DA:13,2
DA:17,2
DA:18,2
DA:19,1
DA:24,1
LF:11
LH:11
BRDA:12,0,0,2
BRDA:12,0,1,2
BRDA:17,1,0,1
BRDA:17,1,1,1
BRF:4
BRH:4
end_of_record
TN:
SF:/Users/serg/Documents/DevOps/Devops-p3-starter/backend/src/modules/common/commands/validation/commandValidator.decorator.ts
FN:6,(anonymous_0)
FN:7,(anonymous_1)
FNF:2
FNH:0
FNDA:0,(anonymous_0)
FNDA:0,(anonymous_1)
DA:1,31
DA:3,31
DA:6,31
DA:7,0
DA:8,0
LF:5
LH:3
BRF:0
BRH:0
end_of_record
TN:
SF:/Users/serg/Documents/DevOps/Devops-p3-starter/backend/src/modules/common/commands/validation/index.ts
FNF:0
FNH:0
DA:1,31
DA:5,31
LF:2
LH:2
BRF:0
BRH:0
end_of_record
TN:
SF:/Users/serg/Documents/DevOps/Devops-p3-starter/backend/src/modules/common/commands/validation/invalidCommandValidatorException.ts
FN:2,(anonymous_0)
FNF:1
FNH:0
FNDA:0,(anonymous_0)
DA:1,18
DA:3,0
LF:2
LH:1
BRF:0
BRH:0
end_of_record
TN:
SF:/Users/serg/Documents/DevOps/Devops-p3-starter/backend/src/modules/common/commands/validation/joiValidator.ts
FN:7,(anonymous_7)
FN:13,(anonymous_9)
FNF:2
FNH:2
FNDA:14,(anonymous_7)
FNDA:1,(anonymous_9)
DA:5,31
DA:8,14
DA:9,14
DA:10,14
DA:11,1
DA:13,1
DA:22,13
LF:7
LH:7
BRDA:10,0,0,1
BRDA:10,0,1,13
BRF:2
BRH:2
end_of_record
TN:
SF:/Users/serg/Documents/DevOps/Devops-p3-starter/backend/src/modules/common/commands/validation/validationExplorer.ts
FN:11,(anonymous_2)
FN:13,(anonymous_3)
FN:15,(anonymous_4)
FN:22,(anonymous_5)
FN:27,(anonymous_6)
FN:28,(anonymous_7)
FN:29,(anonymous_8)
FN:32,(anonymous_9)
FN:43,(anonymous_10)
FNF:9
FNH:0
FNDA:0,(anonymous_2)
FNDA:0,(anonymous_3)
FNDA:0,(anonymous_4)
FNDA:0,(anonymous_5)
FNDA:0,(anonymous_6)
FNDA:0,(anonymous_7)
FNDA:0,(anonymous_8)
FNDA:0,(anonymous_9)
FNDA:0,(anonymous_10)
DA:1,0
DA:4,0
DA:5,0
DA:10,0
DA:11,0
DA:14,0
DA:15,0
DA:16,0
DA:19,0
DA:26,0
DA:27,0
DA:28,0
DA:29,0
DA:36,0
DA:37,0
DA:38,0
DA:40,0
DA:44,0
DA:45,0
DA:47,0
DA:48,0
LF:21
LH:0
BRDA:37,0,0,0
BRDA:37,0,1,0
BRDA:44,1,0,0
BRDA:44,1,1,0
BRDA:48,2,0,0
BRDA:48,2,1,0
BRF:6
BRH:0
end_of_record
TN:
SF:/Users/serg/Documents/DevOps/Devops-p3-starter/backend/src/modules/common/entities/aggregateRoot.ts
FN:14,(anonymous_2)
FN:18,(anonymous_3)
FN:24,(anonymous_4)
FN:29,(anonymous_5)
FN:35,(anonymous_6)
FN:40,(anonymous_7)
FN:45,(anonymous_8)
FN:46,(anonymous_9)
FN:49,(anonymous_10)
FNF:9
FNH:9
FNDA:17,(anonymous_2)
FNDA:5,(anonymous_3)
FNDA:6,(anonymous_4)
FNDA:4,(anonymous_5)
FNDA:6,(anonymous_6)
FNDA:6,(anonymous_7)
FNDA:1,(anonymous_8)
FNDA:1,(anonymous_9)
FNDA:3,(anonymous_10)
DA:2,35
DA:14,35
DA:16,35
DA:19,5
DA:21,5
DA:25,6
DA:26,6
DA:30,4
DA:36,6
DA:37,6
DA:41,6
DA:42,6
DA:46,1
DA:50,3
LF:14
LH:14
BRDA:26,0,0,6
BRDA:26,0,1,3
BRF:2
BRH:2
end_of_record
TN:
SF:/Users/serg/Documents/DevOps/Devops-p3-starter/backend/src/modules/common/entities/baseRepository.ts
FN:12,(anonymous_11)
FN:33,(anonymous_12)
FN:39,(anonymous_13)
FN:45,(anonymous_15)
FN:45,(anonymous_16)
FN:50,(anonymous_17)
FN:55,(anonymous_19)
FN:59,(anonymous_21)
FN:61,(anonymous_22)
FN:67,(anonymous_23)
FN:72,(anonymous_24)
FN:79,(anonymous_26)
FN:88,(anonymous_27)
FN:94,(anonymous_29)
FN:119,(anonymous_31)
FN:125,(anonymous_32)
FNF:16
FNH:14
FNDA:1,(anonymous_11)
FNDA:8,(anonymous_12)
FNDA:2,(anonymous_13)
FNDA:1,(anonymous_15)
FNDA:1,(anonymous_16)
FNDA:0,(anonymous_17)
FNDA:1,(anonymous_19)
FNDA:3,(anonymous_21)
FNDA:3,(anonymous_22)
FNDA:0,(anonymous_23)
FNDA:1,(anonymous_24)
FNDA:3,(anonymous_26)
FNDA:1,(anonymous_27)
FNDA:1,(anonymous_29)
FNDA:4,(anonymous_31)
FNDA:3,(anonymous_32)
DA:1,34
DA:8,34
DA:9,34
DA:11,34
DA:13,1
DA:15,1
DA:16,1
DA:17,1
DA:18,1
DA:19,1
DA:29,34
DA:30,8
DA:31,8
DA:35,8
DA:36,8
DA:40,2
DA:41,2
DA:43,2
DA:45,2
DA:47,2
DA:51,0
DA:52,0
DA:56,1
DA:60,3
DA:61,3
DA:63,3
DA:64,3
DA:68,0
DA:69,0
DA:73,1
DA:74,1
DA:76,1
DA:80,3
DA:81,3
DA:82,3
DA:89,1
DA:90,1
DA:91,1
DA:98,1
DA:99,1
DA:100,1
DA:102,1
DA:107,1
DA:109,1
DA:110,1
DA:120,4
DA:121,4
DA:122,4
DA:126,3
DA:127,3
DA:128,3
LF:51
LH:47
BRDA:12,0,0,0
BRDA:61,1,0,3
BRDA:61,1,1,0
BRDA:68,2,0,0
BRDA:68,2,1,0
BRDA:95,3,0,0
BRDA:96,4,0,0
BRDA:115,5,0,0
BRDA:115,5,1,1
BRF:9
BRH:2
end_of_record
TN:
SF:/Users/serg/Documents/DevOps/Devops-p3-starter/backend/src/modules/common/entities/index.ts
FNF:0
FNH:0
DA:1,33
DA:2,33
LF:2
LH:2
BRF:0
BRH:0
end_of_record
TN:
SF:/Users/serg/Documents/DevOps/Devops-p3-starter/backend/src/modules/common/events/index.ts
FNF:0
FNH:0
DA:4,34
LF:1
LH:1
BRF:0
BRH:0
end_of_record
TN:
SF:/Users/serg/Documents/DevOps/Devops-p3-starter/backend/src/modules/common/events/syncEventDispatcher.ts
FN:13,(anonymous_2)
FN:14,(anonymous_3)
FN:17,(anonymous_4)
FN:22,(anonymous_5)
FNF:4
FNH:0
FNDA:0,(anonymous_2)
FNDA:0,(anonymous_3)
FNDA:0,(anonymous_4)
FNDA:0,(anonymous_5)
DA:1,34
DA:6,34
DA:12,34
DA:13,0
DA:15,0
DA:16,0
DA:17,0
DA:18,0
DA:23,0
LF:9
LH:3
BRF:0
BRH:0
end_of_record
TN:
SF:/Users/serg/Documents/DevOps/Devops-p3-starter/backend/src/modules/common/interceptors/TransformInterceptor.ts
FN:13,(anonymous_1)
FN:14,(anonymous_2)
FNF:2
FNH:0
FNDA:0,(anonymous_1)
FNDA:0,(anonymous_2)
DA:1,0
DA:8,0
DA:9,0
DA:12,0
DA:14,0
LF:5
LH:0
BRF:0
BRH:0
end_of_record
TN:
SF:/Users/serg/Documents/DevOps/Devops-p3-starter/backend/src/modules/domain/employees/employee.controller.ts
FN:41,(anonymous_11)
FN:47,(anonymous_12)
FN:95,(anonymous_14)
FN:105,(anonymous_16)
FN:106,(anonymous_17)
FN:118,(anonymous_18)
FN:124,(anonymous_20)
FN:153,(anonymous_22)
FN:168,(anonymous_24)
FN:183,(anonymous_26)
FN:192,(anonymous_28)
FN:201,(anonymous_30)
FN:210,(anonymous_32)
FN:222,(anonymous_34)
FN:231,(anonymous_36)
FN:240,(anonymous_38)
FN:249,(anonymous_40)
FN:261,(anonymous_42)
FN:270,(anonymous_44)
FN:276,(anonymous_46)
FNF:20
FNH:15
FNDA:1,(anonymous_11)
FNDA:1,(anonymous_12)
FNDA:0,(anonymous_14)
FNDA:0,(anonymous_16)
FNDA:0,(anonymous_17)
FNDA:0,(anonymous_18)
FNDA:0,(anonymous_20)
FNDA:1,(anonymous_22)
FNDA:1,(anonymous_24)
FNDA:1,(anonymous_26)
FNDA:1,(anonymous_28)
FNDA:1,(anonymous_30)
FNDA:1,(anonymous_32)
FNDA:1,(anonymous_34)
FNDA:1,(anonymous_36)
FNDA:1,(anonymous_38)
FNDA:1,(anonymous_40)
FNDA:1,(anonymous_42)
FNDA:1,(anonymous_44)
FNDA:1,(anonymous_46)
DA:1,1
DA:16,1
DA:17,1
DA:18,1
DA:19,1
DA:21,1
DA:22,1
DA:26,1
DA:27,1
DA:28,1
DA:29,1
DA:30,1
DA:31,1
DA:32,1
DA:33,1
DA:34,1
DA:35,1
DA:36,1
DA:37,1
DA:40,1
DA:42,1
DA:43,1
DA:47,1
DA:50,1
DA:57,1
DA:58,0
DA:67,1
DA:95,1
DA:99,0
DA:100,0
DA:102,0
DA:104,0
DA:105,0
DA:107,0
DA:108,0
DA:111,0
DA:114,0
DA:118,1
DA:119,0
DA:120,0
DA:124,1
DA:127,0
DA:153,1
DA:157,1
DA:168,1
DA:172,1
DA:183,1
DA:187,1
DA:192,1
DA:196,1
DA:201,1
DA:205,1
DA:210,1
DA:214,1
DA:222,1
DA:226,1
DA:231,1
DA:235,1
DA:240,1
DA:244,1
DA:249,1
DA:253,1
DA:261,1
DA:265,1
DA:270,1
DA:271,1
DA:276,1
DA:277,1
LF:68
LH:55
BRDA:57,0,0,0
BRDA:57,0,1,1
BRDA:99,1,0,0
BRDA:99,1,1,0
BRDA:100,2,0,0
BRDA:100,2,1,0
BRF:6
BRH:1
end_of_record
TN:
SF:/Users/serg/Documents/DevOps/Devops-p3-starter/backend/src/modules/domain/employees/employee.module.ts
FN:28,(anonymous_2)
FN:33,(anonymous_3)
FNF:2
FNH:0
FNDA:0,(anonymous_2)
FNDA:0,(anonymous_3)
DA:1,0
DA:2,0
DA:3,0
DA:4,0
DA:5,0
DA:6,0
DA:7,0
DA:8,0
DA:9,0
DA:10,0
DA:11,0
DA:12,0
DA:13,0
DA:14,0
DA:27,0
DA:29,0
DA:30,0
DA:34,0
DA:35,0
LF:19
LH:0
BRF:0
BRH:0
end_of_record
TN:
SF:/Users/serg/Documents/DevOps/Devops-p3-starter/backend/src/modules/domain/employees/commands/activate-employee.command.ts
FN:7,(anonymous_0)
FNF:1
FNH:1
FNDA:3,(anonymous_0)
DA:3,3
DA:8,3
DA:9,3
LF:3
LH:3
BRF:0
BRH:0
end_of_record
TN:
SF:/Users/serg/Documents/DevOps/Devops-p3-starter/backend/src/modules/domain/employees/commands/create-employee.command.ts
FN:26,(anonymous_0)
FNF:1
FNH:1
FNDA:3,(anonymous_0)
DA:3,3
DA:30,3
DA:31,3
DA:32,3
DA:33,3
DA:34,3
DA:35,3
DA:36,3
DA:37,3
DA:38,3
DA:39,3
DA:40,3
DA:41,3
DA:42,3
DA:43,3
DA:44,3
DA:45,3
DA:46,3
DA:47,3
DA:48,3
DA:49,3
DA:50,3
LF:22
LH:22
BRF:0
BRH:0
end_of_record
TN:
SF:/Users/serg/Documents/DevOps/Devops-p3-starter/backend/src/modules/domain/employees/commands/deactivate-employee.command.ts
FN:7,(anonymous_0)
FNF:1
FNH:1
FNDA:3,(anonymous_0)
DA:3,3
DA:8,3
DA:9,3
LF:3
LH:3
BRF:0
BRH:0
end_of_record
TN:
SF:/Users/serg/Documents/DevOps/Devops-p3-starter/backend/src/modules/domain/employees/commands/update-employee-address.command.ts
FN:11,(anonymous_0)
FNF:1
FNH:1
FNDA:4,(anonymous_0)
DA:3,4
DA:12,4
DA:13,4
DA:14,4
DA:15,4
DA:16,4
LF:6
LH:6
BRF:0
BRH:0
end_of_record
TN:
SF:/Users/serg/Documents/DevOps/Devops-p3-starter/backend/src/modules/domain/employees/commands/update-employee-birthdate.command.ts
FN:7,(anonymous_0)
FNF:1
FNH:1
FNDA:4,(anonymous_0)
DA:3,4
DA:8,4
DA:9,4
LF:3
LH:3
BRF:0
BRH:0
end_of_record
TN:
SF:/Users/serg/Documents/DevOps/Devops-p3-starter/backend/src/modules/domain/employees/commands/update-employee-company-email.command.ts
FN:7,(anonymous_0)
FNF:1
FNH:1
FNDA:4,(anonymous_0)
DA:3,4
DA:8,4
DA:9,4
LF:3
LH:3
BRF:0
BRH:0
end_of_record
TN:
SF:/Users/serg/Documents/DevOps/Devops-p3-starter/backend/src/modules/domain/employees/commands/update-employee-display-name.command.ts
FN:7,(anonymous_0)
FNF:1
FNH:1
FNDA:4,(anonymous_0)
DA:3,4
DA:8,4
DA:9,4
LF:3
LH:3
BRF:0
BRH:0
end_of_record
TN:
SF:/Users/serg/Documents/DevOps/Devops-p3-starter/backend/src/modules/domain/employees/commands/update-employee-effective-date.command.ts
FN:7,(anonymous_0)
FNF:1
FNH:1
FNDA:4,(anonymous_0)
DA:3,4
DA:8,4
DA:9,4
LF:3
LH:3
BRF:0
BRH:0
end_of_record
TN:
SF:/Users/serg/Documents/DevOps/Devops-p3-starter/backend/src/modules/domain/employees/commands/update-employee-name.command.ts
FN:11,(anonymous_0)
FNF:1
FNH:1
FNDA:4,(anonymous_0)
DA:3,4
DA:12,4
DA:13,4
DA:14,4
DA:15,4
DA:16,4
LF:6
LH:6
BRF:0
BRH:0
end_of_record
TN:
SF:/Users/serg/Documents/DevOps/Devops-p3-starter/backend/src/modules/domain/employees/commands/update-employee-personal-email.command.ts
FN:7,(anonymous_0)
FNF:1
FNH:1
FNDA:4,(anonymous_0)
DA:3,4
DA:8,4
DA:9,4
LF:3
LH:3
BRF:0
BRH:0
end_of_record
TN:
SF:/Users/serg/Documents/DevOps/Devops-p3-starter/backend/src/modules/domain/employees/commands/update-employee-phone-number.command.ts
FN:7,(anonymous_0)
FNF:1
FNH:1
FNDA:4,(anonymous_0)
DA:3,4
DA:8,4
DA:9,4
LF:3
LH:3
BRF:0
BRH:0
end_of_record
TN:
SF:/Users/serg/Documents/DevOps/Devops-p3-starter/backend/src/modules/domain/employees/commands/update-employee-salary-type.command.ts
FN:7,(anonymous_0)
FNF:1
FNH:1
FNDA:4,(anonymous_0)
DA:3,4
DA:8,4
DA:9,4
LF:3
LH:3
BRF:0
BRH:0
end_of_record
TN:
SF:/Users/serg/Documents/DevOps/Devops-p3-starter/backend/src/modules/domain/employees/commands/update-employee-salary.command.ts
FN:7,(anonymous_0)
FNF:1
FNH:1
FNDA:4,(anonymous_0)
DA:3,4
DA:8,4
DA:9,4
LF:3
LH:3
BRF:0
BRH:0
end_of_record
TN:
SF:/Users/serg/Documents/DevOps/Devops-p3-starter/backend/src/modules/domain/employees/commands/update-employee-tags.command.ts
FN:7,(anonymous_0)
FNF:1
FNH:1
FNDA:4,(anonymous_0)
DA:3,4
DA:8,4
DA:9,4
LF:3
LH:3
BRF:0
BRH:0
end_of_record
TN:
SF:/Users/serg/Documents/DevOps/Devops-p3-starter/backend/src/modules/domain/employees/commands/update-employee.command.ts
FN:25,(anonymous_0)
FNF:1
FNH:1
FNDA:1,(anonymous_0)
DA:3,2
DA:29,1
DA:30,1
DA:31,1
DA:32,1
DA:33,1
DA:34,1
DA:35,1
DA:36,1
DA:37,1
DA:38,1
DA:39,1
DA:40,1
DA:41,1
DA:42,1
DA:43,1
DA:44,1
DA:45,1
DA:46,1
DA:47,1
DA:48,1
LF:21
LH:21
BRF:0
BRH:0
end_of_record
TN:
SF:/Users/serg/Documents/DevOps/Devops-p3-starter/backend/src/modules/domain/employees/commands/handlers/employee-activator.handler.ts
FN:10,(anonymous_9)
FN:14,(anonymous_10)
FNF:2
FNH:2
FNDA:1,(anonymous_9)
FNDA:1,(anonymous_10)
DA:1,1
DA:2,1
DA:3,1
DA:4,1
DA:5,1
DA:9,1
DA:10,1
DA:11,1
DA:15,1
DA:16,1
DA:17,1
DA:19,1
LF:12
LH:12
BRF:0
BRH:0
end_of_record
TN:
SF:/Users/serg/Documents/DevOps/Devops-p3-starter/backend/src/modules/domain/employees/commands/handlers/employee-address-updater.handler.ts
FN:10,(anonymous_9)
FN:13,(anonymous_10)
FNF:2
FNH:2
FNDA:1,(anonymous_9)
FNDA:1,(anonymous_10)
DA:1,1
DA:2,1
DA:3,1
DA:4,1
DA:5,1
DA:9,1
DA:10,1
DA:11,1
DA:20,1
DA:22,1
DA:24,1
DA:25,1
DA:26,1
DA:27,1
DA:29,1
LF:15
LH:15
BRF:0
BRH:0
end_of_record
TN:
SF:/Users/serg/Documents/DevOps/Devops-p3-starter/backend/src/modules/domain/employees/commands/handlers/employee-birthdate-updater.handler.ts
FN:11,(anonymous_9)
FN:14,(anonymous_10)
FNF:2
FNH:2
FNDA:1,(anonymous_9)
FNDA:1,(anonymous_10)
DA:1,1
DA:2,1
DA:3,1
DA:4,1
DA:5,1
DA:6,1
DA:10,1
DA:11,1
DA:12,1
DA:18,1
DA:20,1
DA:22,1
DA:26,1
LF:13
LH:13
BRF:0
BRH:0
end_of_record
TN:
SF:/Users/serg/Documents/DevOps/Devops-p3-starter/backend/src/modules/domain/employees/commands/handlers/employee-company-email-updater.handler.ts
FN:10,(anonymous_9)
FN:13,(anonymous_10)
FNF:2
FNH:2
FNDA:1,(anonymous_9)
FNDA:1,(anonymous_10)
DA:1,1
DA:2,1
DA:3,1
DA:4,1
DA:5,1
DA:9,1
DA:10,1
DA:11,1
DA:17,1
DA:19,1
DA:21,1
DA:23,1
LF:12
LH:12
BRF:0
BRH:0
end_of_record
TN:
SF:/Users/serg/Documents/DevOps/Devops-p3-starter/backend/src/modules/domain/employees/commands/handlers/employee-creator.handler.ts
FN:11,(anonymous_9)
FN:14,(anonymous_10)
FNF:2
FNH:2
FNDA:1,(anonymous_9)
FNDA:1,(anonymous_10)
DA:1,1
DA:2,1
DA:3,1
DA:4,1
DA:5,1
DA:6,1
DA:10,1
DA:11,1
DA:12,1
DA:16,1
DA:17,1
LF:11
LH:11
BRF:0
BRH:0
end_of_record
TN:
SF:/Users/serg/Documents/DevOps/Devops-p3-starter/backend/src/modules/domain/employees/commands/handlers/employee-deactivator.handler.ts
FN:10,(anonymous_9)
FN:14,(anonymous_10)
FNF:2
FNH:2
FNDA:1,(anonymous_9)
FNDA:1,(anonymous_10)
DA:1,1
DA:2,1
DA:3,1
DA:4,1
DA:5,1
DA:9,1
DA:10,1
DA:11,1
DA:15,1
DA:16,1
DA:17,1
DA:19,1
LF:12
LH:12
BRF:0
BRH:0
end_of_record
TN:
SF:/Users/serg/Documents/DevOps/Devops-p3-starter/backend/src/modules/domain/employees/commands/handlers/employee-display-name-updater.handler.ts
FN:10,(anonymous_9)
FN:13,(anonymous_10)
FNF:2
FNH:2
FNDA:1,(anonymous_9)
FNDA:1,(anonymous_10)
DA:1,1
DA:2,1
DA:3,1
DA:4,1
DA:5,1
DA:9,1
DA:10,1
DA:11,1
DA:17,1
DA:19,1
DA:21,1
DA:23,1
LF:12
LH:12
BRF:0
BRH:0
end_of_record
TN:
SF:/Users/serg/Documents/DevOps/Devops-p3-starter/backend/src/modules/domain/employees/commands/handlers/employee-effective-date-updater.handler.ts
FN:11,(anonymous_9)
FN:14,(anonymous_10)
FNF:2
FNH:2
FNDA:1,(anonymous_9)
FNDA:1,(anonymous_10)
DA:1,1
DA:2,1
DA:3,1
DA:4,1
DA:5,1
DA:6,1
DA:10,1
DA:11,1
DA:12,1
DA:18,1
DA:20,1
DA:22,1
DA:26,1
LF:13
LH:13
BRF:0
BRH:0
end_of_record
TN:
SF:/Users/serg/Documents/DevOps/Devops-p3-starter/backend/src/modules/domain/employees/commands/handlers/employee-name-updater.handler.ts
FN:12,(anonymous_9)
FN:15,(anonymous_10)
FNF:2
FNH:2
FNDA:1,(anonymous_9)
FNDA:1,(anonymous_10)
DA:2,1
DA:3,1
DA:4,1
DA:5,1
DA:6,1
DA:11,1
DA:12,1
DA:13,1
DA:22,1
DA:24,1
DA:26,1
DA:27,1
DA:28,1
DA:29,1
DA:31,1
LF:15
LH:15
BRF:0
BRH:0
end_of_record
TN:
SF:/Users/serg/Documents/DevOps/Devops-p3-starter/backend/src/modules/domain/employees/commands/handlers/employee-personal-email-updater.handler.ts
FN:10,(anonymous_9)
FN:13,(anonymous_10)
FNF:2
FNH:2
FNDA:1,(anonymous_9)
FNDA:1,(anonymous_10)
DA:1,1
DA:2,1
DA:3,1
DA:4,1
DA:5,1
DA:9,1
DA:10,1
DA:11,1
DA:17,1
DA:19,1
DA:21,1
DA:23,1
LF:12
LH:12
BRF:0
BRH:0
end_of_record
TN:
SF:/Users/serg/Documents/DevOps/Devops-p3-starter/backend/src/modules/domain/employees/commands/handlers/employee-phone-number-updater.handler.ts
FN:10,(anonymous_9)
FN:13,(anonymous_10)
FNF:2
FNH:2
FNDA:1,(anonymous_9)
FNDA:1,(anonymous_10)
DA:1,1
DA:2,1
DA:3,1
DA:4,1
DA:5,1
DA:9,1
DA:10,1
DA:11,1
DA:17,1
DA:19,1
DA:21,1
DA:23,1
LF:12
LH:12
BRF:0
BRH:0
end_of_record
TN:
SF:/Users/serg/Documents/DevOps/Devops-p3-starter/backend/src/modules/domain/employees/commands/handlers/employee-salary-type-updater.handler.ts
FN:11,(anonymous_9)
FN:14,(anonymous_10)
FN:20,(anonymous_12)
FNF:3
FNH:3
FNDA:1,(anonymous_9)
FNDA:1,(anonymous_10)
FNDA:2,(anonymous_12)
DA:1,1
DA:2,1
DA:3,1
DA:4,1
DA:5,1
DA:6,1
DA:10,1
DA:11,1
DA:12,1
DA:18,1
DA:19,1
DA:20,2
DA:22,1
DA:24,1
DA:26,1
LF:15
LH:15
BRF:0
BRH:0
end_of_record
TN:
SF:/Users/serg/Documents/DevOps/Devops-p3-starter/backend/src/modules/domain/employees/commands/handlers/employee-salary-updater.handler.ts
FN:10,(anonymous_9)
FN:13,(anonymous_10)
FNF:2
FNH:2
FNDA:1,(anonymous_9)
FNDA:1,(anonymous_10)
DA:1,1
DA:2,1
DA:3,1
DA:4,1
DA:5,1
DA:9,1
DA:10,1
DA:11,1
DA:17,1
DA:19,1
DA:21,1
DA:23,1
LF:12
LH:12
BRF:0
BRH:0
end_of_record
TN:
SF:/Users/serg/Documents/DevOps/Devops-p3-starter/backend/src/modules/domain/employees/commands/handlers/employee-tags-updater.handler.ts
FN:10,(anonymous_9)
FN:13,(anonymous_10)
FNF:2
FNH:2
FNDA:1,(anonymous_9)
FNDA:1,(anonymous_10)
DA:1,1
DA:2,1
DA:3,1
DA:4,1
DA:5,1
DA:9,1
DA:10,1
DA:11,1
DA:17,1
DA:19,1
DA:21,1
DA:23,1
LF:12
LH:12
BRF:0
BRH:0
end_of_record
TN:
SF:/Users/serg/Documents/DevOps/Devops-p3-starter/backend/src/modules/domain/employees/commands/handlers/employee-updater.handler.ts
FN:12,(anonymous_9)
FN:15,(anonymous_10)
FN:40,(anonymous_12)
FNF:3
FNH:3
FNDA:1,(anonymous_9)
FNDA:1,(anonymous_10)
FNDA:2,(anonymous_12)
DA:1,1
DA:2,1
DA:3,1
DA:4,1
DA:5,1
DA:6,1
DA:7,1
DA:11,1
DA:12,1
DA:13,1
DA:35,1
DA:37,1
DA:39,1
DA:40,2
DA:43,1
DA:44,1
DA:45,1
DA:46,1
DA:47,1
DA:48,1
DA:49,1
DA:50,1
DA:53,1
DA:54,1
DA:55,1
DA:56,1
DA:57,1
DA:58,1
DA:59,1
DA:60,1
DA:61,1
DA:65,1
LF:32
LH:32
BRF:0
BRH:0
end_of_record
TN:
SF:/Users/serg/Documents/DevOps/Devops-p3-starter/backend/src/modules/domain/employees/commands/handlers/index.ts
FNF:0
FNH:0
DA:1,0
DA:2,0
DA:3,0
DA:4,0
DA:5,0
DA:6,0
DA:7,0
DA:8,0
DA:9,0
DA:10,0
DA:11,0
DA:12,0
DA:13,0
DA:14,0
DA:15,0
DA:17,0
LF:16
LH:0
BRF:0
BRH:0
end_of_record
TN:
SF:/Users/serg/Documents/DevOps/Devops-p3-starter/backend/src/modules/domain/employees/commands/validators/index.ts
FNF:0
FNH:0
DA:1,0
DA:2,0
DA:3,0
DA:4,0
DA:5,0
DA:6,0
DA:7,0
DA:8,0
DA:9,0
DA:10,0
DA:11,0
DA:12,0
DA:13,0
DA:14,0
DA:15,0
DA:16,0
DA:17,0
DA:18,0
DA:19,0
DA:20,0
DA:21,0
DA:22,0
DA:23,0
DA:24,0
DA:25,0
DA:26,0
DA:27,0
DA:28,0
DA:29,0
DA:30,0
DA:31,0
DA:32,0
DA:33,0
DA:34,0
DA:35,0
DA:36,0
DA:37,0
DA:38,0
DA:39,0
DA:41,0
LF:40
LH:0
BRF:0
BRH:0
end_of_record
TN:
SF:/Users/serg/Documents/DevOps/Devops-p3-starter/backend/src/modules/domain/employees/commands/validators/forActivateEmployee/activate-employee-composite.validator.ts
FN:10,(anonymous_2)
FNF:1
FNH:0
FNDA:0,(anonymous_2)
DA:1,0
DA:2,0
DA:3,0
DA:4,0
DA:7,0
DA:11,0
LF:6
LH:0
BRF:0
BRH:0
end_of_record
TN:
SF:/Users/serg/Documents/DevOps/Devops-p3-starter/backend/src/modules/domain/employees/commands/validators/forActivateEmployee/check-employee-exists.validator.ts
FN:12,(anonymous_9)
FN:14,(anonymous_10)
FNF:2
FNH:2
FNDA:1,(anonymous_9)
FNDA:1,(anonymous_10)
DA:5,1
DA:6,1
DA:10,1
DA:12,1
DA:15,1
DA:19,1
DA:20,0
DA:25,1
LF:8
LH:7
BRDA:19,0,0,0
BRDA:19,0,1,1
BRF:2
BRH:1
end_of_record
TN:
SF:/Users/serg/Documents/DevOps/Devops-p3-starter/backend/src/modules/domain/employees/commands/validators/forCreateEmployee/check-properties-value.validator.ts
FN:6,(anonymous_0)
FNF:1
FNH:1
FNDA:1,(anonymous_0)
DA:1,1
DA:3,1
DA:5,1
DA:7,1
LF:4
LH:4
BRF:0
BRH:0
end_of_record
TN:
SF:/Users/serg/Documents/DevOps/Devops-p3-starter/backend/src/modules/domain/employees/commands/validators/forCreateEmployee/create-employee-composite.validator.ts
FN:10,(anonymous_2)
FNF:1
FNH:0
FNDA:0,(anonymous_2)
DA:1,0
DA:2,0
DA:3,0
DA:4,0
DA:7,0
DA:11,0
LF:6
LH:0
BRF:0
BRH:0
end_of_record
TN:
SF:/Users/serg/Documents/DevOps/Devops-p3-starter/backend/src/modules/domain/employees/commands/validators/forDeactivateEmployee/check-employee-exists.validator.ts
FN:12,(anonymous_9)
FN:14,(anonymous_10)
FNF:2
FNH:2
FNDA:1,(anonymous_9)
FNDA:1,(anonymous_10)
DA:5,1
DA:6,1
DA:10,1
DA:12,1
DA:15,1
DA:19,1
DA:20,0
DA:25,1
LF:8
LH:7
BRDA:19,0,0,0
BRDA:19,0,1,1
BRF:2
BRH:1
end_of_record
TN:
SF:/Users/serg/Documents/DevOps/Devops-p3-starter/backend/src/modules/domain/employees/commands/validators/forDeactivateEmployee/remove-employee-composite.validator.ts
FN:10,(anonymous_2)
FNF:1
FNH:0
FNDA:0,(anonymous_2)
DA:1,0
DA:2,0
DA:3,0
DA:4,0
DA:7,0
DA:11,0
LF:6
LH:0
BRF:0
BRH:0
end_of_record
TN:
SF:/Users/serg/Documents/DevOps/Devops-p3-starter/backend/src/modules/domain/employees/commands/validators/forUpdateEmployeeAddress/check-employee-exists.validator.ts
FN:11,(anonymous_9)
FN:13,(anonymous_10)
FNF:2
FNH:2
FNDA:1,(anonymous_9)
FNDA:1,(anonymous_10)
DA:6,1
DA:7,1
DA:10,1
DA:11,1
DA:14,1
DA:17,1
DA:18,0
DA:23,1
LF:8
LH:7
BRDA:17,0,0,0
BRDA:17,0,1,1
BRF:2
BRH:1
end_of_record
TN:
SF:/Users/serg/Documents/DevOps/Devops-p3-starter/backend/src/modules/domain/employees/commands/validators/forUpdateEmployeeAddress/check-properties-value.validator.ts
FN:9,(anonymous_0)
FNF:1
FNH:1
FNDA:1,(anonymous_0)
DA:2,1
DA:4,1
DA:6,1
DA:10,1
LF:4
LH:4
BRF:0
BRH:0
end_of_record
TN:
SF:/Users/serg/Documents/DevOps/Devops-p3-starter/backend/src/modules/domain/employees/commands/validators/forUpdateEmployeeAddress/update-employee-composite.validator.ts
FN:11,(anonymous_2)
FNF:1
FNH:0
FNDA:0,(anonymous_2)
DA:1,0
DA:2,0
DA:3,0
DA:4,0
DA:5,0
DA:8,0
DA:15,0
LF:7
LH:0
BRF:0
BRH:0
end_of_record
TN:
SF:/Users/serg/Documents/DevOps/Devops-p3-starter/backend/src/modules/domain/employees/commands/validators/forUpdateEmployeeBirthDate/check-employee-exists.validator.ts
FN:11,(anonymous_9)
FN:13,(anonymous_10)
FNF:2
FNH:2
FNDA:1,(anonymous_9)
FNDA:1,(anonymous_10)
DA:6,1
DA:7,1
DA:10,1
DA:11,1
DA:14,1
DA:17,1
DA:18,0
DA:23,1
LF:8
LH:7
BRDA:17,0,0,0
BRDA:17,0,1,1
BRF:2
BRH:1
end_of_record
TN:
SF:/Users/serg/Documents/DevOps/Devops-p3-starter/backend/src/modules/domain/employees/commands/validators/forUpdateEmployeeBirthDate/check-properties-value.validator.ts
FN:9,(anonymous_0)
FNF:1
FNH:1
FNDA:1,(anonymous_0)
DA:2,1
DA:4,1
DA:6,1
DA:10,1
LF:4
LH:4
BRF:0
BRH:0
end_of_record
TN:
SF:/Users/serg/Documents/DevOps/Devops-p3-starter/backend/src/modules/domain/employees/commands/validators/forUpdateEmployeeBirthDate/update-employee-composite.validator.ts
FN:11,(anonymous_2)
FNF:1
FNH:0
FNDA:0,(anonymous_2)
DA:1,0
DA:2,0
DA:3,0
DA:4,0
DA:5,0
DA:8,0
DA:15,0
LF:7
LH:0
BRF:0
BRH:0
end_of_record
TN:
SF:/Users/serg/Documents/DevOps/Devops-p3-starter/backend/src/modules/domain/employees/commands/validators/forUpdateEmployeeCompanyEmail/check-employee-exists.validator.ts
FN:11,(anonymous_9)
FN:13,(anonymous_10)
FNF:2
FNH:2
FNDA:1,(anonymous_9)
FNDA:1,(anonymous_10)
DA:6,1
DA:7,1
DA:10,1
DA:11,1
DA:14,1
DA:17,1
DA:18,0
DA:23,1
LF:8
LH:7
BRDA:17,0,0,0
BRDA:17,0,1,1
BRF:2
BRH:1
end_of_record
TN:
SF:/Users/serg/Documents/DevOps/Devops-p3-starter/backend/src/modules/domain/employees/commands/validators/forUpdateEmployeeCompanyEmail/check-properties-value.validator.ts
FN:9,(anonymous_0)
FNF:1
FNH:1
FNDA:1,(anonymous_0)
DA:2,1
DA:4,1
DA:6,1
DA:10,1
LF:4
LH:4
BRF:0
BRH:0
end_of_record
TN:
SF:/Users/serg/Documents/DevOps/Devops-p3-starter/backend/src/modules/domain/employees/commands/validators/forUpdateEmployeeCompanyEmail/update-employee-composite.validator.ts
FN:11,(anonymous_2)
FNF:1
FNH:0
FNDA:0,(anonymous_2)
DA:1,0
DA:2,0
DA:3,0
DA:4,0
DA:5,0
DA:8,0
DA:15,0
LF:7
LH:0
BRF:0
BRH:0
end_of_record
TN:
SF:/Users/serg/Documents/DevOps/Devops-p3-starter/backend/src/modules/domain/employees/commands/validators/forUpdateEmployeeDisplayName/check-employee-exists.validator.ts
FN:11,(anonymous_9)
FN:13,(anonymous_10)
FNF:2
FNH:2
FNDA:1,(anonymous_9)
FNDA:1,(anonymous_10)
DA:6,1
DA:7,1
DA:10,1
DA:11,1
DA:14,1
DA:17,1
DA:18,0
DA:23,1
LF:8
LH:7
BRDA:17,0,0,0
BRDA:17,0,1,1
BRF:2
BRH:1
end_of_record
TN:
SF:/Users/serg/Documents/DevOps/Devops-p3-starter/backend/src/modules/domain/employees/commands/validators/forUpdateEmployeeDisplayName/check-properties-value.validator.ts
FN:9,(anonymous_0)
FNF:1
FNH:1
FNDA:1,(anonymous_0)
DA:2,1
DA:4,1
DA:6,1
DA:10,1
LF:4
LH:4
BRF:0
BRH:0
end_of_record
TN:
SF:/Users/serg/Documents/DevOps/Devops-p3-starter/backend/src/modules/domain/employees/commands/validators/forUpdateEmployeeDisplayName/update-employee-composite.validator.ts
FN:11,(anonymous_2)
FNF:1
FNH:0
FNDA:0,(anonymous_2)
DA:1,0
DA:2,0
DA:3,0
DA:4,0
DA:5,0
DA:8,0
DA:15,0
LF:7
LH:0
BRF:0
BRH:0
end_of_record
TN:
SF:/Users/serg/Documents/DevOps/Devops-p3-starter/backend/src/modules/domain/employees/commands/validators/forUpdateEmployeeEffectiveDate/check-employee-exists.validator.ts
FN:11,(anonymous_9)
FN:13,(anonymous_10)
FNF:2
FNH:2
FNDA:1,(anonymous_9)
FNDA:1,(anonymous_10)
DA:6,1
DA:7,1
DA:10,1
DA:11,1
DA:14,1
DA:17,1
DA:18,0
DA:23,1
LF:8
LH:7
BRDA:17,0,0,0
BRDA:17,0,1,1
BRF:2
BRH:1
end_of_record
TN:
SF:/Users/serg/Documents/DevOps/Devops-p3-starter/backend/src/modules/domain/employees/commands/validators/forUpdateEmployeeEffectiveDate/check-properties-value.validator.ts
FN:9,(anonymous_0)
FNF:1
FNH:1
FNDA:1,(anonymous_0)
DA:2,1
DA:4,1
DA:6,1
DA:10,1
LF:4
LH:4
BRF:0
BRH:0
end_of_record
TN:
SF:/Users/serg/Documents/DevOps/Devops-p3-starter/backend/src/modules/domain/employees/commands/validators/forUpdateEmployeeEffectiveDate/update-employee-composite.validator.ts
FN:11,(anonymous_2)
FNF:1
FNH:0
FNDA:0,(anonymous_2)
DA:1,0
DA:2,0
DA:3,0
DA:4,0
DA:5,0
DA:8,0
DA:15,0
LF:7
LH:0
BRF:0
BRH:0
end_of_record
TN:
SF:/Users/serg/Documents/DevOps/Devops-p3-starter/backend/src/modules/domain/employees/commands/validators/forUpdateEmployeeName/check-employee-exists.validator.ts
FN:11,(anonymous_9)
FN:13,(anonymous_10)
FNF:2
FNH:2
FNDA:1,(anonymous_9)
FNDA:1,(anonymous_10)
DA:6,1
DA:7,1
DA:10,1
DA:11,1
DA:14,1
DA:18,1
DA:19,0
DA:24,1
LF:8
LH:7
BRDA:18,0,0,0
BRDA:18,0,1,1
BRF:2
BRH:1
end_of_record
TN:
SF:/Users/serg/Documents/DevOps/Devops-p3-starter/backend/src/modules/domain/employees/commands/validators/forUpdateEmployeeName/check-properties-value.validator.ts
FN:9,(anonymous_0)
FNF:1
FNH:1
FNDA:1,(anonymous_0)
DA:2,1
DA:4,1
DA:6,1
DA:10,1
LF:4
LH:4
BRF:0
BRH:0
end_of_record
TN:
SF:/Users/serg/Documents/DevOps/Devops-p3-starter/backend/src/modules/domain/employees/commands/validators/forUpdateEmployeeName/update-employee-composite.validator.ts
FN:11,(anonymous_2)
FNF:1
FNH:0
FNDA:0,(anonymous_2)
DA:1,0
DA:2,0
DA:3,0
DA:4,0
DA:5,0
DA:8,0
DA:15,0
LF:7
LH:0
BRF:0
BRH:0
end_of_record
TN:
SF:/Users/serg/Documents/DevOps/Devops-p3-starter/backend/src/modules/domain/employees/commands/validators/forUpdateEmployeePersonalEmail/check-employee-exists.validator.ts
FN:11,(anonymous_9)
FN:13,(anonymous_10)
FNF:2
FNH:2
FNDA:1,(anonymous_9)
FNDA:1,(anonymous_10)
DA:6,1
DA:7,1
DA:10,1
DA:11,1
DA:14,1
DA:17,1
DA:18,0
DA:23,1
LF:8
LH:7
BRDA:17,0,0,0
BRDA:17,0,1,1
BRF:2
BRH:1
end_of_record
TN:
SF:/Users/serg/Documents/DevOps/Devops-p3-starter/backend/src/modules/domain/employees/commands/validators/forUpdateEmployeePersonalEmail/check-properties-value.validator.ts
FN:9,(anonymous_0)
FNF:1
FNH:1
FNDA:1,(anonymous_0)
DA:2,1
DA:4,1
DA:6,1
DA:10,1
LF:4
LH:4
BRF:0
BRH:0
end_of_record
TN:
SF:/Users/serg/Documents/DevOps/Devops-p3-starter/backend/src/modules/domain/employees/commands/validators/forUpdateEmployeePersonalEmail/update-employee-composite.validator.ts
FN:11,(anonymous_2)
FNF:1
FNH:0
FNDA:0,(anonymous_2)
DA:1,0
DA:2,0
DA:3,0
DA:4,0
DA:5,0
DA:8,0
DA:15,0
LF:7
LH:0
BRF:0
BRH:0
end_of_record
TN:
SF:/Users/serg/Documents/DevOps/Devops-p3-starter/backend/src/modules/domain/employees/commands/validators/forUpdateEmployeePhoneNumber/check-employee-exists.validator.ts
FN:11,(anonymous_9)
FN:13,(anonymous_10)
FNF:2
FNH:2
FNDA:1,(anonymous_9)
FNDA:1,(anonymous_10)
DA:6,1
DA:7,1
DA:10,1
DA:11,1
DA:14,1
DA:17,1
DA:18,0
DA:23,1
LF:8
LH:7
BRDA:17,0,0,0
BRDA:17,0,1,1
BRF:2
BRH:1
end_of_record
TN:
SF:/Users/serg/Documents/DevOps/Devops-p3-starter/backend/src/modules/domain/employees/commands/validators/forUpdateEmployeePhoneNumber/check-properties-value.validator.ts
FN:9,(anonymous_0)
FNF:1
FNH:1
FNDA:1,(anonymous_0)
DA:2,1
DA:4,1
DA:6,1
DA:10,1
LF:4
LH:4
BRF:0
BRH:0
end_of_record
TN:
SF:/Users/serg/Documents/DevOps/Devops-p3-starter/backend/src/modules/domain/employees/commands/validators/forUpdateEmployeePhoneNumber/update-employee-composite.validator.ts
FN:11,(anonymous_2)
FNF:1
FNH:0
FNDA:0,(anonymous_2)
DA:1,0
DA:2,0
DA:3,0
DA:4,0
DA:5,0
DA:8,0
DA:15,0
LF:7
LH:0
BRF:0
BRH:0
end_of_record
TN:
SF:/Users/serg/Documents/DevOps/Devops-p3-starter/backend/src/modules/domain/employees/commands/validators/forUpdateEmployeeSalary/check-employee-exists.validator.ts
FN:11,(anonymous_9)
FN:13,(anonymous_10)
FNF:2
FNH:2
FNDA:1,(anonymous_9)
FNDA:1,(anonymous_10)
DA:6,1
DA:7,1
DA:10,1
DA:11,1
DA:14,1
DA:18,1
DA:19,0
DA:24,1
LF:8
LH:7
BRDA:18,0,0,0
BRDA:18,0,1,1
BRF:2
BRH:1
end_of_record
TN:
SF:/Users/serg/Documents/DevOps/Devops-p3-starter/backend/src/modules/domain/employees/commands/validators/forUpdateEmployeeSalary/check-properties-value.validator.ts
FN:9,(anonymous_0)
FNF:1
FNH:1
FNDA:1,(anonymous_0)
DA:2,1
DA:4,1
DA:6,1
DA:10,1
LF:4
LH:4
BRF:0
BRH:0
end_of_record
TN:
SF:/Users/serg/Documents/DevOps/Devops-p3-starter/backend/src/modules/domain/employees/commands/validators/forUpdateEmployeeSalary/update-employee-composite.validator.ts
FN:11,(anonymous_2)
FNF:1
FNH:0
FNDA:0,(anonymous_2)
DA:1,0
DA:2,0
DA:3,0
DA:4,0
DA:5,0
DA:8,0
DA:15,0
LF:7
LH:0
BRF:0
BRH:0
end_of_record
TN:
SF:/Users/serg/Documents/DevOps/Devops-p3-starter/backend/src/modules/domain/employees/commands/validators/forUpdateEmployeeSalaryType/check-employee-exists.validator.ts
FN:11,(anonymous_9)
FN:13,(anonymous_10)
FNF:2
FNH:2
FNDA:1,(anonymous_9)
FNDA:1,(anonymous_10)
DA:6,1
DA:7,1
DA:10,1
DA:11,1
DA:14,1
DA:18,1
DA:19,0
DA:24,1
LF:8
LH:7
BRDA:18,0,0,0
BRDA:18,0,1,1
BRF:2
BRH:1
end_of_record
TN:
SF:/Users/serg/Documents/DevOps/Devops-p3-starter/backend/src/modules/domain/employees/commands/validators/forUpdateEmployeeSalaryType/check-properties-value.validator.ts
FN:9,(anonymous_0)
FNF:1
FNH:1
FNDA:1,(anonymous_0)
DA:2,1
DA:4,1
DA:6,1
DA:10,1
LF:4
LH:4
BRF:0
BRH:0
end_of_record
TN:
SF:/Users/serg/Documents/DevOps/Devops-p3-starter/backend/src/modules/domain/employees/commands/validators/forUpdateEmployeeSalaryType/update-employee-composite.validator.ts
FN:11,(anonymous_2)
FNF:1
FNH:0
FNDA:0,(anonymous_2)
DA:1,0
DA:2,0
DA:3,0
DA:4,0
DA:5,0
DA:8,0
DA:15,0
LF:7
LH:0
BRF:0
BRH:0
end_of_record
TN:
SF:/Users/serg/Documents/DevOps/Devops-p3-starter/backend/src/modules/domain/employees/commands/validators/forUpdateEmployeeTags/check-employee-exists.validator.ts
FN:11,(anonymous_9)
FN:13,(anonymous_10)
FNF:2
FNH:2
FNDA:1,(anonymous_9)
FNDA:1,(anonymous_10)
DA:6,1
DA:7,1
DA:10,1
DA:11,1
DA:14,1
DA:17,1
DA:18,0
DA:23,1
LF:8
LH:7
BRDA:17,0,0,0
BRDA:17,0,1,1
BRF:2
BRH:1
end_of_record
TN:
SF:/Users/serg/Documents/DevOps/Devops-p3-starter/backend/src/modules/domain/employees/commands/validators/forUpdateEmployeeTags/check-properties-value.validator.ts
FN:9,(anonymous_0)
FNF:1
FNH:1
FNDA:1,(anonymous_0)
DA:2,1
DA:4,1
DA:6,1
DA:10,1
LF:4
LH:4
BRF:0
BRH:0
end_of_record
TN:
SF:/Users/serg/Documents/DevOps/Devops-p3-starter/backend/src/modules/domain/employees/commands/validators/forUpdateEmployeeTags/update-employee-composite.validator.ts
FN:11,(anonymous_2)
FNF:1
FNH:0
FNDA:0,(anonymous_2)
DA:1,0
DA:2,0
DA:3,0
DA:4,0
DA:5,0
DA:8,0
DA:15,0
LF:7
LH:0
BRF:0
BRH:0
end_of_record
TN:
SF:/Users/serg/Documents/DevOps/Devops-p3-starter/backend/src/modules/domain/employees/entities/employee.entity.ts
FN:10,(anonymous_2)
FN:113,(anonymous_3)
FN:118,(anonymous_4)
FN:123,getDateFromString
FN:127,getGenderFromEnum
FN:128,(anonymous_7)
FN:131,getSalaryTypeFromEnum
FN:133,(anonymous_9)
FNF:8
FNH:8
FNDA:1,(anonymous_2)
FNDA:29,(anonymous_3)
FNDA:29,(anonymous_4)
FNDA:3,getDateFromString
FNDA:1,getGenderFromEnum
FNDA:2,(anonymous_7)
FNDA:1,getSalaryTypeFromEnum
FNDA:2,(anonymous_9)
DA:1,29
DA:2,29
DA:3,29
DA:8,29
DA:11,1
DA:12,1
DA:13,1
DA:14,1
DA:15,1
DA:16,1
DA:17,1
DA:18,1
DA:19,1
DA:20,1
DA:21,1
DA:22,1
DA:23,1
DA:24,1
DA:25,1
DA:26,1
DA:27,1
DA:28,1
DA:29,1
DA:30,1
DA:31,1
DA:32,1
DA:33,1
DA:41,29
DA:44,29
DA:47,29
DA:50,29
DA:53,29
DA:56,29
DA:59,29
DA:62,29
DA:65,29
DA:68,29
DA:71,29
DA:74,29
DA:77,29
DA:80,29
DA:83,29
DA:86,29
DA:89,29
DA:92,29
DA:95,29
DA:98,29
DA:101,29
DA:104,29
DA:107,29
DA:110,29
DA:113,29
DA:114,29
DA:115,29
DA:118,29
DA:119,29
DA:120,29
DA:123,29
DA:124,3
DA:128,2
DA:132,1
DA:133,2
LF:62
LH:62
BRDA:10,0,0,0
BRDA:12,1,0,1
BRDA:12,1,1,0
BRDA:113,2,0,29
BRDA:113,2,1,29
BRDA:118,3,0,29
BRDA:118,3,1,29
BRF:7
BRH:5
end_of_record
TN:
SF:/Users/serg/Documents/DevOps/Devops-p3-starter/backend/src/modules/domain/employees/events/employee-created.event.ts
FN:6,(anonymous_0)
FNF:1
FNH:0
FNDA:0,(anonymous_0)
DA:3,0
DA:7,0
DA:8,0
LF:3
LH:0
BRF:0
BRH:0
end_of_record
TN:
SF:/Users/serg/Documents/DevOps/Devops-p3-starter/backend/src/modules/domain/employees/events/handlers/index.ts
FNF:0
FNH:0
DA:1,0
DA:3,0
LF:2
LH:0
BRF:0
BRH:0
end_of_record
TN:
SF:/Users/serg/Documents/DevOps/Devops-p3-starter/backend/src/modules/domain/employees/events/handlers/notify-employee-created-console.handler.ts
FN:8,(anonymous_1)
FNF:1
FNH:0
FNDA:0,(anonymous_1)
DA:2,0
DA:3,0
DA:6,0
DA:9,0
LF:4
LH:0
BRF:0
BRH:0
end_of_record
TN:
SF:/Users/serg/Documents/DevOps/Devops-p3-starter/backend/src/modules/domain/employees/repositories/employees.repository.ts
FN:10,(anonymous_11)
FN:18,(anonymous_12)
FNF:2
FNH:0
FNDA:0,(anonymous_11)
FNDA:0,(anonymous_12)
DA:1,29
DA:2,29
DA:3,29
DA:4,29
DA:5,29
DA:6,29
DA:9,29
DA:15,0
DA:19,0
DA:24,0
LF:10
LH:7
BRF:0
BRH:0
end_of_record
TN:
SF:/Users/serg/Documents/DevOps/Devops-p3-starter/backend/src/modules/domain/orders/orders.controller.ts
FN:17,(anonymous_11)
FN:23,(anonymous_12)
FN:37,(anonymous_14)
FNF:3
FNH:2
FNDA:1,(anonymous_11)
FNDA:1,(anonymous_12)
FNDA:0,(anonymous_14)
DA:1,1
DA:3,1
DA:4,1
DA:5,1
DA:10,1
DA:11,1
DA:16,1
DA:18,1
DA:19,1
DA:23,1
DA:24,1
DA:26,1
DA:31,1
DA:33,1
DA:37,1
DA:38,0
LF:16
LH:15
BRF:0
BRH:0
end_of_record
TN:
SF:/Users/serg/Documents/DevOps/Devops-p3-starter/backend/src/modules/domain/orders/orders.module.ts
FN:36,(anonymous_2)
FN:41,(anonymous_3)
FNF:2
FNH:0
FNDA:0,(anonymous_2)
FNDA:0,(anonymous_3)
DA:1,0
DA:2,0
DA:3,0
DA:4,0
DA:5,0
DA:6,0
DA:7,0
DA:8,0
DA:9,0
DA:10,0
DA:11,0
DA:12,0
DA:13,0
DA:14,0
DA:15,0
DA:16,0
DA:35,0
DA:37,0
DA:38,0
DA:42,0
DA:43,0
LF:21
LH:0
BRF:0
BRH:0
end_of_record
TN:
SF:/Users/serg/Documents/DevOps/Devops-p3-starter/backend/src/modules/domain/orders/commands/createOrder.ts
FN:7,(anonymous_0)
FNF:1
FNH:1
FNDA:5,(anonymous_0)
DA:3,4
DA:8,5
DA:9,5
DA:10,5
LF:4
LH:4
BRF:0
BRH:0
end_of_record
TN:
SF:/Users/serg/Documents/DevOps/Devops-p3-starter/backend/src/modules/domain/orders/commands/handlers/index.ts
FNF:0
FNH:0
DA:1,0
DA:3,0
LF:2
LH:0
BRF:0
BRH:0
end_of_record
TN:
SF:/Users/serg/Documents/DevOps/Devops-p3-starter/backend/src/modules/domain/orders/commands/handlers/orderCreator.ts
FN:13,(anonymous_9)
FN:20,(anonymous_10)
FNF:2
FNH:2
FNDA:1,(anonymous_9)
FNDA:1,(anonymous_10)
DA:1,1
DA:2,1
DA:3,1
DA:4,1
DA:5,1
DA:6,1
DA:7,1
DA:8,1
DA:12,1
DA:14,1
DA:15,1
DA:17,1
DA:21,1
DA:22,1
DA:24,1
DA:26,1
DA:28,1
LF:17
LH:17
BRF:0
BRH:0
end_of_record
TN:
SF:/Users/serg/Documents/DevOps/Devops-p3-starter/backend/src/modules/domain/orders/commands/validators/index.ts
FNF:0
FNH:0
DA:1,0
DA:2,0
DA:3,0
DA:5,0
LF:4
LH:0
BRF:0
BRH:0
end_of_record
TN:
SF:/Users/serg/Documents/DevOps/Devops-p3-starter/backend/src/modules/domain/orders/commands/validators/forCreateOrder/checkProductExist.ts
FN:11,(anonymous_9)
FN:13,(anonymous_10)
FNF:2
FNH:2
FNDA:1,(anonymous_9)
FNDA:1,(anonymous_10)
DA:6,1
DA:7,1
DA:10,1
DA:11,1
DA:14,1
DA:18,1
DA:19,0
DA:24,1
LF:8
LH:7
BRDA:18,0,0,0
BRDA:18,0,1,1
BRF:2
BRH:1
end_of_record
TN:
SF:/Users/serg/Documents/DevOps/Devops-p3-starter/backend/src/modules/domain/orders/commands/validators/forCreateOrder/checkPropertiesValue.ts
FN:6,(anonymous_0)
FNF:1
FNH:1
FNDA:2,(anonymous_0)
DA:1,1
DA:3,1
DA:5,1
DA:7,2
LF:4
LH:4
BRF:0
BRH:0
end_of_record
TN:
SF:/Users/serg/Documents/DevOps/Devops-p3-starter/backend/src/modules/domain/orders/commands/validators/forCreateOrder/createOrderCompositeValidator.ts
FN:11,(anonymous_2)
FNF:1
FNH:0
FNDA:0,(anonymous_2)
DA:1,0
DA:2,0
DA:3,0
DA:4,0
DA:5,0
DA:8,0
DA:15,0
LF:7
LH:0
BRF:0
BRH:0
end_of_record
TN:
SF:/Users/serg/Documents/DevOps/Devops-p3-starter/backend/src/modules/domain/orders/entities/order.entity.ts
FN:16,(anonymous_2)
FN:32,(anonymous_3)
FN:39,(anonymous_4)
FN:28,(anonymous_5)
FNF:4
FNH:3
FNDA:2,(anonymous_2)
FNDA:2,(anonymous_3)
FNDA:1,(anonymous_4)
FNDA:0,(anonymous_5)
DA:1,4
DA:2,4
DA:11,4
DA:12,4
DA:15,4
DA:17,2
DA:19,2
DA:21,2
DA:22,2
DA:26,4
DA:28,0
DA:30,4
DA:33,2
DA:34,2
DA:36,2
DA:40,1
LF:16
LH:15
BRDA:16,0,0,1
BRDA:33,1,0,2
BRDA:33,1,1,0
BRF:3
BRH:2
end_of_record
TN:
SF:/Users/serg/Documents/DevOps/Devops-p3-starter/backend/src/modules/domain/orders/entities/product.entity.ts
FN:13,(anonymous_2)
FNF:1
FNH:0
FNDA:0,(anonymous_2)
DA:1,4
DA:2,4
DA:3,4
DA:6,4
DA:8,4
DA:11,4
DA:13,0
DA:14,4
LF:8
LH:7
BRF:0
BRH:0
end_of_record
TN:
SF:/Users/serg/Documents/DevOps/Devops-p3-starter/backend/src/modules/domain/orders/events/ProductAddedToOrder.ts
FN:6,(anonymous_0)
FNF:1
FNH:1
FNDA:3,(anonymous_0)
DA:3,4
DA:7,3
DA:8,3
LF:3
LH:3
BRF:0
BRH:0
end_of_record
TN:
SF:/Users/serg/Documents/DevOps/Devops-p3-starter/backend/src/modules/domain/orders/events/handlers/index.ts
FNF:0
FNH:0
DA:1,0
DA:3,0
LF:2
LH:0
BRF:0
BRH:0
end_of_record
TN:
SF:/Users/serg/Documents/DevOps/Devops-p3-starter/backend/src/modules/domain/orders/events/handlers/notify-product-add-to-order-console.ts
FN:8,(anonymous_1)
FNF:1
FNH:0
FNDA:0,(anonymous_1)
DA:2,0
DA:3,0
DA:6,0
DA:9,0
LF:4
LH:0
BRF:0
BRH:0
end_of_record
TN:
SF:/Users/serg/Documents/DevOps/Devops-p3-starter/backend/src/modules/domain/orders/repositories/orderRepository.ts
FN:10,(anonymous_4)
FNF:1
FNH:0
FNDA:0,(anonymous_4)
DA:1,2
DA:2,2
DA:3,2
DA:4,2
DA:5,2
DA:6,2
DA:9,2
DA:15,0
LF:8
LH:7
BRF:0
BRH:0
end_of_record
TN:
SF:/Users/serg/Documents/DevOps/Devops-p3-starter/backend/src/modules/domain/orders/repositories/productRepository.ts
FN:11,(anonymous_4)
FNF:1
FNH:0
FNDA:0,(anonymous_4)
DA:1,2
DA:2,2
DA:3,2
DA:4,2
DA:6,2
DA:7,2
DA:10,2
DA:16,0
LF:8
LH:7
BRF:0
BRH:0
end_of_record
TN:
SF:/Users/serg/Documents/DevOps/Devops-p3-starter/backend/src/modules/errors/error.filter.ts
FN:11,(anonymous_1)
FNF:1
FNH:0
FNDA:0,(anonymous_1)
DA:1,0
DA:10,0
DA:12,0
DA:14,0
DA:18,0
LF:5
LH:0
BRDA:15,0,0,0
BRDA:15,0,1,0
BRF:2
BRH:0
end_of_record
TN:
SF:/Users/serg/Documents/DevOps/Devops-p3-starter/backend/src/modules/status/status.controller.ts
FN:6,(anonymous_2)
FN:9,(anonymous_3)
FNF:2
FNH:2
FNDA:1,(anonymous_2)
FNDA:1,(anonymous_3)
DA:1,1
DA:2,1
DA:5,1
DA:6,1
DA:9,1
DA:10,1
DA:11,1
DA:13,1
LF:8
LH:8
BRF:0
BRH:0
end_of_record
TN:
SF:/Users/serg/Documents/DevOps/Devops-p3-starter/backend/src/modules/status/status.module.ts
FNF:0
FNH:0
DA:1,0
DA:4,0
LF:2
LH:0
BRF:0
BRH:0
end_of_record
